The system is: Linux - 5.15.133.1-microsoft-standard-WSL2 - x86_64
Compiling the C compiler identification source file "CMakeCCompilerId.c" succeeded.
Compiler: /usr/bin/cc 
Build flags: 
Id flags:  

The output was:
0


Compilation of the C compiler identification source "CMakeCCompilerId.c" produced "a.out"

The C compiler identification is GNU, found in "/home/cocokayya18/michelangelo_ws/build/CMakeFiles/3.22.1/CompilerIdC/a.out"

Compiling the CXX compiler identification source file "CMakeCXXCompilerId.cpp" succeeded.
Compiler: /usr/bin/c++ 
Build flags: 
Id flags:  

The output was:
0


Compilation of the CXX compiler identification source "CMakeCXXCompilerId.cpp" produced "a.out"

The CXX compiler identification is GNU, found in "/home/cocokayya18/michelangelo_ws/build/CMakeFiles/3.22.1/CompilerIdCXX/a.out"

Detecting C compiler ABI info compiled with the following output:
Change Dir: /home/cocokayya18/michelangelo_ws/build/CMakeFiles/CMakeTmp

Run Build Command(s):/usr/bin/gmake -f Makefile cmTC_ec1a5/fast && /usr/bin/gmake  -f CMakeFiles/cmTC_ec1a5.dir/build.make CMakeFiles/cmTC_ec1a5.dir/build
gmake[1]: Entering directory '/home/cocokayya18/michelangelo_ws/build/CMakeFiles/CMakeTmp'
Building C object CMakeFiles/cmTC_ec1a5.dir/CMakeCCompilerABI.c.o
/usr/bin/cc   -v -o CMakeFiles/cmTC_ec1a5.dir/CMakeCCompilerABI.c.o -c /usr/share/cmake-3.22/Modules/CMakeCCompilerABI.c
Using built-in specs.
COLLECT_GCC=/usr/bin/cc
OFFLOAD_TARGET_NAMES=nvptx-none:amdgcn-amdhsa
OFFLOAD_TARGET_DEFAULT=1
Target: x86_64-linux-gnu
Configured with: ../src/configure -v --with-pkgversion='Ubuntu 11.4.0-1ubuntu1~22.04' --with-bugurl=file:///usr/share/doc/gcc-11/README.Bugs --enable-languages=c,ada,c++,go,brig,d,fortran,objc,obj-c++,m2 --prefix=/usr --with-gcc-major-version-only --program-suffix=-11 --program-prefix=x86_64-linux-gnu- --enable-shared --enable-linker-build-id --libexecdir=/usr/lib --without-included-gettext --enable-threads=posix --libdir=/usr/lib --enable-nls --enable-bootstrap --enable-clocale=gnu --enable-libstdcxx-debug --enable-libstdcxx-time=yes --with-default-libstdcxx-abi=new --enable-gnu-unique-object --disable-vtable-verify --enable-plugin --enable-default-pie --with-system-zlib --enable-libphobos-checking=release --with-target-system-zlib=auto --enable-objc-gc=auto --enable-multiarch --disable-werror --enable-cet --with-arch-32=i686 --with-abi=m64 --with-multilib-list=m32,m64,mx32 --enable-multilib --with-tune=generic --enable-offload-targets=nvptx-none=/build/gcc-11-XeT9lY/gcc-11-11.4.0/debian/tmp-nvptx/usr,amdgcn-amdhsa=/build/gcc-11-XeT9lY/gcc-11-11.4.0/debian/tmp-gcn/usr --without-cuda-driver --enable-checking=release --build=x86_64-linux-gnu --host=x86_64-linux-gnu --target=x86_64-linux-gnu --with-build-config=bootstrap-lto-lean --enable-link-serialization=2
Thread model: posix
Supported LTO compression algorithms: zlib zstd
gcc version 11.4.0 (Ubuntu 11.4.0-1ubuntu1~22.04) 
COLLECT_GCC_OPTIONS='-v' '-o' 'CMakeFiles/cmTC_ec1a5.dir/CMakeCCompilerABI.c.o' '-c' '-mtune=generic' '-march=x86-64' '-dumpdir' 'CMakeFiles/cmTC_ec1a5.dir/'
 /usr/lib/gcc/x86_64-linux-gnu/11/cc1 -quiet -v -imultiarch x86_64-linux-gnu /usr/share/cmake-3.22/Modules/CMakeCCompilerABI.c -quiet -dumpdir CMakeFiles/cmTC_ec1a5.dir/ -dumpbase CMakeCCompilerABI.c.c -dumpbase-ext .c -mtune=generic -march=x86-64 -version -fasynchronous-unwind-tables -fstack-protector-strong -Wformat -Wformat-security -fstack-clash-protection -fcf-protection -o /tmp/cctDEXtr.s
GNU C17 (Ubuntu 11.4.0-1ubuntu1~22.04) version 11.4.0 (x86_64-linux-gnu)
	compiled by GNU C version 11.4.0, GMP version 6.2.1, MPFR version 4.1.0, MPC version 1.2.1, isl version isl-0.24-GMP

GGC heuristics: --param ggc-min-expand=100 --param ggc-min-heapsize=131072
ignoring nonexistent directory "/usr/local/include/x86_64-linux-gnu"
ignoring nonexistent directory "/usr/lib/gcc/x86_64-linux-gnu/11/include-fixed"
ignoring nonexistent directory "/usr/lib/gcc/x86_64-linux-gnu/11/../../../../x86_64-linux-gnu/include"
#include "..." search starts here:
#include <...> search starts here:
 /usr/lib/gcc/x86_64-linux-gnu/11/include
 /usr/local/include
 /usr/include/x86_64-linux-gnu
 /usr/include
End of search list.
GNU C17 (Ubuntu 11.4.0-1ubuntu1~22.04) version 11.4.0 (x86_64-linux-gnu)
	compiled by GNU C version 11.4.0, GMP version 6.2.1, MPFR version 4.1.0, MPC version 1.2.1, isl version isl-0.24-GMP

GGC heuristics: --param ggc-min-expand=100 --param ggc-min-heapsize=131072
Compiler executable checksum: 50eaa2331df977b8016186198deb2d18
COLLECT_GCC_OPTIONS='-v' '-o' 'CMakeFiles/cmTC_ec1a5.dir/CMakeCCompilerABI.c.o' '-c' '-mtune=generic' '-march=x86-64' '-dumpdir' 'CMakeFiles/cmTC_ec1a5.dir/'
 as -v --64 -o CMakeFiles/cmTC_ec1a5.dir/CMakeCCompilerABI.c.o /tmp/cctDEXtr.s
GNU assembler version 2.38 (x86_64-linux-gnu) using BFD version (GNU Binutils for Ubuntu) 2.38
COMPILER_PATH=/usr/lib/gcc/x86_64-linux-gnu/11/:/usr/lib/gcc/x86_64-linux-gnu/11/:/usr/lib/gcc/x86_64-linux-gnu/:/usr/lib/gcc/x86_64-linux-gnu/11/:/usr/lib/gcc/x86_64-linux-gnu/
LIBRARY_PATH=/usr/lib/gcc/x86_64-linux-gnu/11/:/usr/lib/gcc/x86_64-linux-gnu/11/../../../x86_64-linux-gnu/:/usr/lib/gcc/x86_64-linux-gnu/11/../../../../lib/:/lib/x86_64-linux-gnu/:/lib/../lib/:/usr/lib/x86_64-linux-gnu/:/usr/lib/../lib/:/usr/lib/gcc/x86_64-linux-gnu/11/../../../:/lib/:/usr/lib/
COLLECT_GCC_OPTIONS='-v' '-o' 'CMakeFiles/cmTC_ec1a5.dir/CMakeCCompilerABI.c.o' '-c' '-mtune=generic' '-march=x86-64' '-dumpdir' 'CMakeFiles/cmTC_ec1a5.dir/CMakeCCompilerABI.c.'
Linking C executable cmTC_ec1a5
/usr/bin/cmake -E cmake_link_script CMakeFiles/cmTC_ec1a5.dir/link.txt --verbose=1
/usr/bin/cc  -v -rdynamic CMakeFiles/cmTC_ec1a5.dir/CMakeCCompilerABI.c.o -o cmTC_ec1a5 
Using built-in specs.
COLLECT_GCC=/usr/bin/cc
COLLECT_LTO_WRAPPER=/usr/lib/gcc/x86_64-linux-gnu/11/lto-wrapper
OFFLOAD_TARGET_NAMES=nvptx-none:amdgcn-amdhsa
OFFLOAD_TARGET_DEFAULT=1
Target: x86_64-linux-gnu
Configured with: ../src/configure -v --with-pkgversion='Ubuntu 11.4.0-1ubuntu1~22.04' --with-bugurl=file:///usr/share/doc/gcc-11/README.Bugs --enable-languages=c,ada,c++,go,brig,d,fortran,objc,obj-c++,m2 --prefix=/usr --with-gcc-major-version-only --program-suffix=-11 --program-prefix=x86_64-linux-gnu- --enable-shared --enable-linker-build-id --libexecdir=/usr/lib --without-included-gettext --enable-threads=posix --libdir=/usr/lib --enable-nls --enable-bootstrap --enable-clocale=gnu --enable-libstdcxx-debug --enable-libstdcxx-time=yes --with-default-libstdcxx-abi=new --enable-gnu-unique-object --disable-vtable-verify --enable-plugin --enable-default-pie --with-system-zlib --enable-libphobos-checking=release --with-target-system-zlib=auto --enable-objc-gc=auto --enable-multiarch --disable-werror --enable-cet --with-arch-32=i686 --with-abi=m64 --with-multilib-list=m32,m64,mx32 --enable-multilib --with-tune=generic --enable-offload-targets=nvptx-none=/build/gcc-11-XeT9lY/gcc-11-11.4.0/debian/tmp-nvptx/usr,amdgcn-amdhsa=/build/gcc-11-XeT9lY/gcc-11-11.4.0/debian/tmp-gcn/usr --without-cuda-driver --enable-checking=release --build=x86_64-linux-gnu --host=x86_64-linux-gnu --target=x86_64-linux-gnu --with-build-config=bootstrap-lto-lean --enable-link-serialization=2
Thread model: posix
Supported LTO compression algorithms: zlib zstd
gcc version 11.4.0 (Ubuntu 11.4.0-1ubuntu1~22.04) 
COMPILER_PATH=/usr/lib/gcc/x86_64-linux-gnu/11/:/usr/lib/gcc/x86_64-linux-gnu/11/:/usr/lib/gcc/x86_64-linux-gnu/:/usr/lib/gcc/x86_64-linux-gnu/11/:/usr/lib/gcc/x86_64-linux-gnu/
LIBRARY_PATH=/usr/lib/gcc/x86_64-linux-gnu/11/:/usr/lib/gcc/x86_64-linux-gnu/11/../../../x86_64-linux-gnu/:/usr/lib/gcc/x86_64-linux-gnu/11/../../../../lib/:/lib/x86_64-linux-gnu/:/lib/../lib/:/usr/lib/x86_64-linux-gnu/:/usr/lib/../lib/:/usr/lib/gcc/x86_64-linux-gnu/11/../../../:/lib/:/usr/lib/
COLLECT_GCC_OPTIONS='-v' '-rdynamic' '-o' 'cmTC_ec1a5' '-mtune=generic' '-march=x86-64' '-dumpdir' 'cmTC_ec1a5.'
 /usr/lib/gcc/x86_64-linux-gnu/11/collect2 -plugin /usr/lib/gcc/x86_64-linux-gnu/11/liblto_plugin.so -plugin-opt=/usr/lib/gcc/x86_64-linux-gnu/11/lto-wrapper -plugin-opt=-fresolution=/tmp/ccfZOZM7.res -plugin-opt=-pass-through=-lgcc -plugin-opt=-pass-through=-lgcc_s -plugin-opt=-pass-through=-lc -plugin-opt=-pass-through=-lgcc -plugin-opt=-pass-through=-lgcc_s --build-id --eh-frame-hdr -m elf_x86_64 --hash-style=gnu --as-needed -export-dynamic -dynamic-linker /lib64/ld-linux-x86-64.so.2 -pie -z now -z relro -o cmTC_ec1a5 /usr/lib/gcc/x86_64-linux-gnu/11/../../../x86_64-linux-gnu/Scrt1.o /usr/lib/gcc/x86_64-linux-gnu/11/../../../x86_64-linux-gnu/crti.o /usr/lib/gcc/x86_64-linux-gnu/11/crtbeginS.o -L/usr/lib/gcc/x86_64-linux-gnu/11 -L/usr/lib/gcc/x86_64-linux-gnu/11/../../../x86_64-linux-gnu -L/usr/lib/gcc/x86_64-linux-gnu/11/../../../../lib -L/lib/x86_64-linux-gnu -L/lib/../lib -L/usr/lib/x86_64-linux-gnu -L/usr/lib/../lib -L/usr/lib/gcc/x86_64-linux-gnu/11/../../.. CMakeFiles/cmTC_ec1a5.dir/CMakeCCompilerABI.c.o -lgcc --push-state --as-needed -lgcc_s --pop-state -lc -lgcc --push-state --as-needed -lgcc_s --pop-state /usr/lib/gcc/x86_64-linux-gnu/11/crtendS.o /usr/lib/gcc/x86_64-linux-gnu/11/../../../x86_64-linux-gnu/crtn.o
COLLECT_GCC_OPTIONS='-v' '-rdynamic' '-o' 'cmTC_ec1a5' '-mtune=generic' '-march=x86-64' '-dumpdir' 'cmTC_ec1a5.'
gmake[1]: Leaving directory '/home/cocokayya18/michelangelo_ws/build/CMakeFiles/CMakeTmp'



Parsed C implicit include dir info from above output: rv=done
  found start of include info
  found start of implicit include info
    add: [/usr/lib/gcc/x86_64-linux-gnu/11/include]
    add: [/usr/local/include]
    add: [/usr/include/x86_64-linux-gnu]
    add: [/usr/include]
  end of search list found
  collapse include dir [/usr/lib/gcc/x86_64-linux-gnu/11/include] ==> [/usr/lib/gcc/x86_64-linux-gnu/11/include]
  collapse include dir [/usr/local/include] ==> [/usr/local/include]
  collapse include dir [/usr/include/x86_64-linux-gnu] ==> [/usr/include/x86_64-linux-gnu]
  collapse include dir [/usr/include] ==> [/usr/include]
  implicit include dirs: [/usr/lib/gcc/x86_64-linux-gnu/11/include;/usr/local/include;/usr/include/x86_64-linux-gnu;/usr/include]


Parsed C implicit link information from above output:
  link line regex: [^( *|.*[/\])(ld|CMAKE_LINK_STARTFILE-NOTFOUND|([^/\]+-)?ld|collect2)[^/\]*( |$)]
  ignore line: [Change Dir: /home/cocokayya18/michelangelo_ws/build/CMakeFiles/CMakeTmp]
  ignore line: []
  ignore line: [Run Build Command(s):/usr/bin/gmake -f Makefile cmTC_ec1a5/fast && /usr/bin/gmake  -f CMakeFiles/cmTC_ec1a5.dir/build.make CMakeFiles/cmTC_ec1a5.dir/build]
  ignore line: [gmake[1]: Entering directory '/home/cocokayya18/michelangelo_ws/build/CMakeFiles/CMakeTmp']
  ignore line: [Building C object CMakeFiles/cmTC_ec1a5.dir/CMakeCCompilerABI.c.o]
  ignore line: [/usr/bin/cc   -v -o CMakeFiles/cmTC_ec1a5.dir/CMakeCCompilerABI.c.o -c /usr/share/cmake-3.22/Modules/CMakeCCompilerABI.c]
  ignore line: [Using built-in specs.]
  ignore line: [COLLECT_GCC=/usr/bin/cc]
  ignore line: [OFFLOAD_TARGET_NAMES=nvptx-none:amdgcn-amdhsa]
  ignore line: [OFFLOAD_TARGET_DEFAULT=1]
  ignore line: [Target: x86_64-linux-gnu]
  ignore line: [Configured with: ../src/configure -v --with-pkgversion='Ubuntu 11.4.0-1ubuntu1~22.04' --with-bugurl=file:///usr/share/doc/gcc-11/README.Bugs --enable-languages=c ada c++ go brig d fortran objc obj-c++ m2 --prefix=/usr --with-gcc-major-version-only --program-suffix=-11 --program-prefix=x86_64-linux-gnu- --enable-shared --enable-linker-build-id --libexecdir=/usr/lib --without-included-gettext --enable-threads=posix --libdir=/usr/lib --enable-nls --enable-bootstrap --enable-clocale=gnu --enable-libstdcxx-debug --enable-libstdcxx-time=yes --with-default-libstdcxx-abi=new --enable-gnu-unique-object --disable-vtable-verify --enable-plugin --enable-default-pie --with-system-zlib --enable-libphobos-checking=release --with-target-system-zlib=auto --enable-objc-gc=auto --enable-multiarch --disable-werror --enable-cet --with-arch-32=i686 --with-abi=m64 --with-multilib-list=m32 m64 mx32 --enable-multilib --with-tune=generic --enable-offload-targets=nvptx-none=/build/gcc-11-XeT9lY/gcc-11-11.4.0/debian/tmp-nvptx/usr amdgcn-amdhsa=/build/gcc-11-XeT9lY/gcc-11-11.4.0/debian/tmp-gcn/usr --without-cuda-driver --enable-checking=release --build=x86_64-linux-gnu --host=x86_64-linux-gnu --target=x86_64-linux-gnu --with-build-config=bootstrap-lto-lean --enable-link-serialization=2]
  ignore line: [Thread model: posix]
  ignore line: [Supported LTO compression algorithms: zlib zstd]
  ignore line: [gcc version 11.4.0 (Ubuntu 11.4.0-1ubuntu1~22.04) ]
  ignore line: [COLLECT_GCC_OPTIONS='-v' '-o' 'CMakeFiles/cmTC_ec1a5.dir/CMakeCCompilerABI.c.o' '-c' '-mtune=generic' '-march=x86-64' '-dumpdir' 'CMakeFiles/cmTC_ec1a5.dir/']
  ignore line: [ /usr/lib/gcc/x86_64-linux-gnu/11/cc1 -quiet -v -imultiarch x86_64-linux-gnu /usr/share/cmake-3.22/Modules/CMakeCCompilerABI.c -quiet -dumpdir CMakeFiles/cmTC_ec1a5.dir/ -dumpbase CMakeCCompilerABI.c.c -dumpbase-ext .c -mtune=generic -march=x86-64 -version -fasynchronous-unwind-tables -fstack-protector-strong -Wformat -Wformat-security -fstack-clash-protection -fcf-protection -o /tmp/cctDEXtr.s]
  ignore line: [GNU C17 (Ubuntu 11.4.0-1ubuntu1~22.04) version 11.4.0 (x86_64-linux-gnu)]
  ignore line: [	compiled by GNU C version 11.4.0  GMP version 6.2.1  MPFR version 4.1.0  MPC version 1.2.1  isl version isl-0.24-GMP]
  ignore line: []
  ignore line: [GGC heuristics: --param ggc-min-expand=100 --param ggc-min-heapsize=131072]
  ignore line: [ignoring nonexistent directory "/usr/local/include/x86_64-linux-gnu"]
  ignore line: [ignoring nonexistent directory "/usr/lib/gcc/x86_64-linux-gnu/11/include-fixed"]
  ignore line: [ignoring nonexistent directory "/usr/lib/gcc/x86_64-linux-gnu/11/../../../../x86_64-linux-gnu/include"]
  ignore line: [#include "..." search starts here:]
  ignore line: [#include <...> search starts here:]
  ignore line: [ /usr/lib/gcc/x86_64-linux-gnu/11/include]
  ignore line: [ /usr/local/include]
  ignore line: [ /usr/include/x86_64-linux-gnu]
  ignore line: [ /usr/include]
  ignore line: [End of search list.]
  ignore line: [GNU C17 (Ubuntu 11.4.0-1ubuntu1~22.04) version 11.4.0 (x86_64-linux-gnu)]
  ignore line: [	compiled by GNU C version 11.4.0  GMP version 6.2.1  MPFR version 4.1.0  MPC version 1.2.1  isl version isl-0.24-GMP]
  ignore line: []
  ignore line: [GGC heuristics: --param ggc-min-expand=100 --param ggc-min-heapsize=131072]
  ignore line: [Compiler executable checksum: 50eaa2331df977b8016186198deb2d18]
  ignore line: [COLLECT_GCC_OPTIONS='-v' '-o' 'CMakeFiles/cmTC_ec1a5.dir/CMakeCCompilerABI.c.o' '-c' '-mtune=generic' '-march=x86-64' '-dumpdir' 'CMakeFiles/cmTC_ec1a5.dir/']
  ignore line: [ as -v --64 -o CMakeFiles/cmTC_ec1a5.dir/CMakeCCompilerABI.c.o /tmp/cctDEXtr.s]
  ignore line: [GNU assembler version 2.38 (x86_64-linux-gnu) using BFD version (GNU Binutils for Ubuntu) 2.38]
  ignore line: [COMPILER_PATH=/usr/lib/gcc/x86_64-linux-gnu/11/:/usr/lib/gcc/x86_64-linux-gnu/11/:/usr/lib/gcc/x86_64-linux-gnu/:/usr/lib/gcc/x86_64-linux-gnu/11/:/usr/lib/gcc/x86_64-linux-gnu/]
  ignore line: [LIBRARY_PATH=/usr/lib/gcc/x86_64-linux-gnu/11/:/usr/lib/gcc/x86_64-linux-gnu/11/../../../x86_64-linux-gnu/:/usr/lib/gcc/x86_64-linux-gnu/11/../../../../lib/:/lib/x86_64-linux-gnu/:/lib/../lib/:/usr/lib/x86_64-linux-gnu/:/usr/lib/../lib/:/usr/lib/gcc/x86_64-linux-gnu/11/../../../:/lib/:/usr/lib/]
  ignore line: [COLLECT_GCC_OPTIONS='-v' '-o' 'CMakeFiles/cmTC_ec1a5.dir/CMakeCCompilerABI.c.o' '-c' '-mtune=generic' '-march=x86-64' '-dumpdir' 'CMakeFiles/cmTC_ec1a5.dir/CMakeCCompilerABI.c.']
  ignore line: [Linking C executable cmTC_ec1a5]
  ignore line: [/usr/bin/cmake -E cmake_link_script CMakeFiles/cmTC_ec1a5.dir/link.txt --verbose=1]
  ignore line: [/usr/bin/cc  -v -rdynamic CMakeFiles/cmTC_ec1a5.dir/CMakeCCompilerABI.c.o -o cmTC_ec1a5 ]
  ignore line: [Using built-in specs.]
  ignore line: [COLLECT_GCC=/usr/bin/cc]
  ignore line: [COLLECT_LTO_WRAPPER=/usr/lib/gcc/x86_64-linux-gnu/11/lto-wrapper]
  ignore line: [OFFLOAD_TARGET_NAMES=nvptx-none:amdgcn-amdhsa]
  ignore line: [OFFLOAD_TARGET_DEFAULT=1]
  ignore line: [Target: x86_64-linux-gnu]
  ignore line: [Configured with: ../src/configure -v --with-pkgversion='Ubuntu 11.4.0-1ubuntu1~22.04' --with-bugurl=file:///usr/share/doc/gcc-11/README.Bugs --enable-languages=c ada c++ go brig d fortran objc obj-c++ m2 --prefix=/usr --with-gcc-major-version-only --program-suffix=-11 --program-prefix=x86_64-linux-gnu- --enable-shared --enable-linker-build-id --libexecdir=/usr/lib --without-included-gettext --enable-threads=posix --libdir=/usr/lib --enable-nls --enable-bootstrap --enable-clocale=gnu --enable-libstdcxx-debug --enable-libstdcxx-time=yes --with-default-libstdcxx-abi=new --enable-gnu-unique-object --disable-vtable-verify --enable-plugin --enable-default-pie --with-system-zlib --enable-libphobos-checking=release --with-target-system-zlib=auto --enable-objc-gc=auto --enable-multiarch --disable-werror --enable-cet --with-arch-32=i686 --with-abi=m64 --with-multilib-list=m32 m64 mx32 --enable-multilib --with-tune=generic --enable-offload-targets=nvptx-none=/build/gcc-11-XeT9lY/gcc-11-11.4.0/debian/tmp-nvptx/usr amdgcn-amdhsa=/build/gcc-11-XeT9lY/gcc-11-11.4.0/debian/tmp-gcn/usr --without-cuda-driver --enable-checking=release --build=x86_64-linux-gnu --host=x86_64-linux-gnu --target=x86_64-linux-gnu --with-build-config=bootstrap-lto-lean --enable-link-serialization=2]
  ignore line: [Thread model: posix]
  ignore line: [Supported LTO compression algorithms: zlib zstd]
  ignore line: [gcc version 11.4.0 (Ubuntu 11.4.0-1ubuntu1~22.04) ]
  ignore line: [COMPILER_PATH=/usr/lib/gcc/x86_64-linux-gnu/11/:/usr/lib/gcc/x86_64-linux-gnu/11/:/usr/lib/gcc/x86_64-linux-gnu/:/usr/lib/gcc/x86_64-linux-gnu/11/:/usr/lib/gcc/x86_64-linux-gnu/]
  ignore line: [LIBRARY_PATH=/usr/lib/gcc/x86_64-linux-gnu/11/:/usr/lib/gcc/x86_64-linux-gnu/11/../../../x86_64-linux-gnu/:/usr/lib/gcc/x86_64-linux-gnu/11/../../../../lib/:/lib/x86_64-linux-gnu/:/lib/../lib/:/usr/lib/x86_64-linux-gnu/:/usr/lib/../lib/:/usr/lib/gcc/x86_64-linux-gnu/11/../../../:/lib/:/usr/lib/]
  ignore line: [COLLECT_GCC_OPTIONS='-v' '-rdynamic' '-o' 'cmTC_ec1a5' '-mtune=generic' '-march=x86-64' '-dumpdir' 'cmTC_ec1a5.']
  link line: [ /usr/lib/gcc/x86_64-linux-gnu/11/collect2 -plugin /usr/lib/gcc/x86_64-linux-gnu/11/liblto_plugin.so -plugin-opt=/usr/lib/gcc/x86_64-linux-gnu/11/lto-wrapper -plugin-opt=-fresolution=/tmp/ccfZOZM7.res -plugin-opt=-pass-through=-lgcc -plugin-opt=-pass-through=-lgcc_s -plugin-opt=-pass-through=-lc -plugin-opt=-pass-through=-lgcc -plugin-opt=-pass-through=-lgcc_s --build-id --eh-frame-hdr -m elf_x86_64 --hash-style=gnu --as-needed -export-dynamic -dynamic-linker /lib64/ld-linux-x86-64.so.2 -pie -z now -z relro -o cmTC_ec1a5 /usr/lib/gcc/x86_64-linux-gnu/11/../../../x86_64-linux-gnu/Scrt1.o /usr/lib/gcc/x86_64-linux-gnu/11/../../../x86_64-linux-gnu/crti.o /usr/lib/gcc/x86_64-linux-gnu/11/crtbeginS.o -L/usr/lib/gcc/x86_64-linux-gnu/11 -L/usr/lib/gcc/x86_64-linux-gnu/11/../../../x86_64-linux-gnu -L/usr/lib/gcc/x86_64-linux-gnu/11/../../../../lib -L/lib/x86_64-linux-gnu -L/lib/../lib -L/usr/lib/x86_64-linux-gnu -L/usr/lib/../lib -L/usr/lib/gcc/x86_64-linux-gnu/11/../../.. CMakeFiles/cmTC_ec1a5.dir/CMakeCCompilerABI.c.o -lgcc --push-state --as-needed -lgcc_s --pop-state -lc -lgcc --push-state --as-needed -lgcc_s --pop-state /usr/lib/gcc/x86_64-linux-gnu/11/crtendS.o /usr/lib/gcc/x86_64-linux-gnu/11/../../../x86_64-linux-gnu/crtn.o]
    arg [/usr/lib/gcc/x86_64-linux-gnu/11/collect2] ==> ignore
    arg [-plugin] ==> ignore
    arg [/usr/lib/gcc/x86_64-linux-gnu/11/liblto_plugin.so] ==> ignore
    arg [-plugin-opt=/usr/lib/gcc/x86_64-linux-gnu/11/lto-wrapper] ==> ignore
    arg [-plugin-opt=-fresolution=/tmp/ccfZOZM7.res] ==> ignore
    arg [-plugin-opt=-pass-through=-lgcc] ==> ignore
    arg [-plugin-opt=-pass-through=-lgcc_s] ==> ignore
    arg [-plugin-opt=-pass-through=-lc] ==> ignore
    arg [-plugin-opt=-pass-through=-lgcc] ==> ignore
    arg [-plugin-opt=-pass-through=-lgcc_s] ==> ignore
    arg [--build-id] ==> ignore
    arg [--eh-frame-hdr] ==> ignore
    arg [-m] ==> ignore
    arg [elf_x86_64] ==> ignore
    arg [--hash-style=gnu] ==> ignore
    arg [--as-needed] ==> ignore
    arg [-export-dynamic] ==> ignore
    arg [-dynamic-linker] ==> ignore
    arg [/lib64/ld-linux-x86-64.so.2] ==> ignore
    arg [-pie] ==> ignore
    arg [-znow] ==> ignore
    arg [-zrelro] ==> ignore
    arg [-o] ==> ignore
    arg [cmTC_ec1a5] ==> ignore
    arg [/usr/lib/gcc/x86_64-linux-gnu/11/../../../x86_64-linux-gnu/Scrt1.o] ==> obj [/usr/lib/gcc/x86_64-linux-gnu/11/../../../x86_64-linux-gnu/Scrt1.o]
    arg [/usr/lib/gcc/x86_64-linux-gnu/11/../../../x86_64-linux-gnu/crti.o] ==> obj [/usr/lib/gcc/x86_64-linux-gnu/11/../../../x86_64-linux-gnu/crti.o]
    arg [/usr/lib/gcc/x86_64-linux-gnu/11/crtbeginS.o] ==> obj [/usr/lib/gcc/x86_64-linux-gnu/11/crtbeginS.o]
    arg [-L/usr/lib/gcc/x86_64-linux-gnu/11] ==> dir [/usr/lib/gcc/x86_64-linux-gnu/11]
    arg [-L/usr/lib/gcc/x86_64-linux-gnu/11/../../../x86_64-linux-gnu] ==> dir [/usr/lib/gcc/x86_64-linux-gnu/11/../../../x86_64-linux-gnu]
    arg [-L/usr/lib/gcc/x86_64-linux-gnu/11/../../../../lib] ==> dir [/usr/lib/gcc/x86_64-linux-gnu/11/../../../../lib]
    arg [-L/lib/x86_64-linux-gnu] ==> dir [/lib/x86_64-linux-gnu]
    arg [-L/lib/../lib] ==> dir [/lib/../lib]
    arg [-L/usr/lib/x86_64-linux-gnu] ==> dir [/usr/lib/x86_64-linux-gnu]
    arg [-L/usr/lib/../lib] ==> dir [/usr/lib/../lib]
    arg [-L/usr/lib/gcc/x86_64-linux-gnu/11/../../..] ==> dir [/usr/lib/gcc/x86_64-linux-gnu/11/../../..]
    arg [CMakeFiles/cmTC_ec1a5.dir/CMakeCCompilerABI.c.o] ==> ignore
    arg [-lgcc] ==> lib [gcc]
    arg [--push-state] ==> ignore
    arg [--as-needed] ==> ignore
    arg [-lgcc_s] ==> lib [gcc_s]
    arg [--pop-state] ==> ignore
    arg [-lc] ==> lib [c]
    arg [-lgcc] ==> lib [gcc]
    arg [--push-state] ==> ignore
    arg [--as-needed] ==> ignore
    arg [-lgcc_s] ==> lib [gcc_s]
    arg [--pop-state] ==> ignore
    arg [/usr/lib/gcc/x86_64-linux-gnu/11/crtendS.o] ==> obj [/usr/lib/gcc/x86_64-linux-gnu/11/crtendS.o]
    arg [/usr/lib/gcc/x86_64-linux-gnu/11/../../../x86_64-linux-gnu/crtn.o] ==> obj [/usr/lib/gcc/x86_64-linux-gnu/11/../../../x86_64-linux-gnu/crtn.o]
  collapse obj [/usr/lib/gcc/x86_64-linux-gnu/11/../../../x86_64-linux-gnu/Scrt1.o] ==> [/usr/lib/x86_64-linux-gnu/Scrt1.o]
  collapse obj [/usr/lib/gcc/x86_64-linux-gnu/11/../../../x86_64-linux-gnu/crti.o] ==> [/usr/lib/x86_64-linux-gnu/crti.o]
  collapse obj [/usr/lib/gcc/x86_64-linux-gnu/11/../../../x86_64-linux-gnu/crtn.o] ==> [/usr/lib/x86_64-linux-gnu/crtn.o]
  collapse library dir [/usr/lib/gcc/x86_64-linux-gnu/11] ==> [/usr/lib/gcc/x86_64-linux-gnu/11]
  collapse library dir [/usr/lib/gcc/x86_64-linux-gnu/11/../../../x86_64-linux-gnu] ==> [/usr/lib/x86_64-linux-gnu]
  collapse library dir [/usr/lib/gcc/x86_64-linux-gnu/11/../../../../lib] ==> [/usr/lib]
  collapse library dir [/lib/x86_64-linux-gnu] ==> [/lib/x86_64-linux-gnu]
  collapse library dir [/lib/../lib] ==> [/lib]
  collapse library dir [/usr/lib/x86_64-linux-gnu] ==> [/usr/lib/x86_64-linux-gnu]
  collapse library dir [/usr/lib/../lib] ==> [/usr/lib]
  collapse library dir [/usr/lib/gcc/x86_64-linux-gnu/11/../../..] ==> [/usr/lib]
  implicit libs: [gcc;gcc_s;c;gcc;gcc_s]
  implicit objs: [/usr/lib/x86_64-linux-gnu/Scrt1.o;/usr/lib/x86_64-linux-gnu/crti.o;/usr/lib/gcc/x86_64-linux-gnu/11/crtbeginS.o;/usr/lib/gcc/x86_64-linux-gnu/11/crtendS.o;/usr/lib/x86_64-linux-gnu/crtn.o]
  implicit dirs: [/usr/lib/gcc/x86_64-linux-gnu/11;/usr/lib/x86_64-linux-gnu;/usr/lib;/lib/x86_64-linux-gnu;/lib]
  implicit fwks: []


Detecting CXX compiler ABI info compiled with the following output:
Change Dir: /home/cocokayya18/michelangelo_ws/build/CMakeFiles/CMakeTmp

Run Build Command(s):/usr/bin/gmake -f Makefile cmTC_4907a/fast && /usr/bin/gmake  -f CMakeFiles/cmTC_4907a.dir/build.make CMakeFiles/cmTC_4907a.dir/build
gmake[1]: Entering directory '/home/cocokayya18/michelangelo_ws/build/CMakeFiles/CMakeTmp'
Building CXX object CMakeFiles/cmTC_4907a.dir/CMakeCXXCompilerABI.cpp.o
/usr/bin/c++   -v -o CMakeFiles/cmTC_4907a.dir/CMakeCXXCompilerABI.cpp.o -c /usr/share/cmake-3.22/Modules/CMakeCXXCompilerABI.cpp
Using built-in specs.
COLLECT_GCC=/usr/bin/c++
OFFLOAD_TARGET_NAMES=nvptx-none:amdgcn-amdhsa
OFFLOAD_TARGET_DEFAULT=1
Target: x86_64-linux-gnu
Configured with: ../src/configure -v --with-pkgversion='Ubuntu 11.4.0-1ubuntu1~22.04' --with-bugurl=file:///usr/share/doc/gcc-11/README.Bugs --enable-languages=c,ada,c++,go,brig,d,fortran,objc,obj-c++,m2 --prefix=/usr --with-gcc-major-version-only --program-suffix=-11 --program-prefix=x86_64-linux-gnu- --enable-shared --enable-linker-build-id --libexecdir=/usr/lib --without-included-gettext --enable-threads=posix --libdir=/usr/lib --enable-nls --enable-bootstrap --enable-clocale=gnu --enable-libstdcxx-debug --enable-libstdcxx-time=yes --with-default-libstdcxx-abi=new --enable-gnu-unique-object --disable-vtable-verify --enable-plugin --enable-default-pie --with-system-zlib --enable-libphobos-checking=release --with-target-system-zlib=auto --enable-objc-gc=auto --enable-multiarch --disable-werror --enable-cet --with-arch-32=i686 --with-abi=m64 --with-multilib-list=m32,m64,mx32 --enable-multilib --with-tune=generic --enable-offload-targets=nvptx-none=/build/gcc-11-XeT9lY/gcc-11-11.4.0/debian/tmp-nvptx/usr,amdgcn-amdhsa=/build/gcc-11-XeT9lY/gcc-11-11.4.0/debian/tmp-gcn/usr --without-cuda-driver --enable-checking=release --build=x86_64-linux-gnu --host=x86_64-linux-gnu --target=x86_64-linux-gnu --with-build-config=bootstrap-lto-lean --enable-link-serialization=2
Thread model: posix
Supported LTO compression algorithms: zlib zstd
gcc version 11.4.0 (Ubuntu 11.4.0-1ubuntu1~22.04) 
COLLECT_GCC_OPTIONS='-v' '-o' 'CMakeFiles/cmTC_4907a.dir/CMakeCXXCompilerABI.cpp.o' '-c' '-shared-libgcc' '-mtune=generic' '-march=x86-64' '-dumpdir' 'CMakeFiles/cmTC_4907a.dir/'
 /usr/lib/gcc/x86_64-linux-gnu/11/cc1plus -quiet -v -imultiarch x86_64-linux-gnu -D_GNU_SOURCE /usr/share/cmake-3.22/Modules/CMakeCXXCompilerABI.cpp -quiet -dumpdir CMakeFiles/cmTC_4907a.dir/ -dumpbase CMakeCXXCompilerABI.cpp.cpp -dumpbase-ext .cpp -mtune=generic -march=x86-64 -version -fasynchronous-unwind-tables -fstack-protector-strong -Wformat -Wformat-security -fstack-clash-protection -fcf-protection -o /tmp/ccU9mfhd.s
GNU C++17 (Ubuntu 11.4.0-1ubuntu1~22.04) version 11.4.0 (x86_64-linux-gnu)
	compiled by GNU C version 11.4.0, GMP version 6.2.1, MPFR version 4.1.0, MPC version 1.2.1, isl version isl-0.24-GMP

GGC heuristics: --param ggc-min-expand=100 --param ggc-min-heapsize=131072
ignoring duplicate directory "/usr/include/x86_64-linux-gnu/c++/11"
ignoring nonexistent directory "/usr/local/include/x86_64-linux-gnu"
ignoring nonexistent directory "/usr/lib/gcc/x86_64-linux-gnu/11/include-fixed"
ignoring nonexistent directory "/usr/lib/gcc/x86_64-linux-gnu/11/../../../../x86_64-linux-gnu/include"
#include "..." search starts here:
#include <...> search starts here:
 /usr/include/c++/11
 /usr/include/x86_64-linux-gnu/c++/11
 /usr/include/c++/11/backward
 /usr/lib/gcc/x86_64-linux-gnu/11/include
 /usr/local/include
 /usr/include/x86_64-linux-gnu
 /usr/include
End of search list.
GNU C++17 (Ubuntu 11.4.0-1ubuntu1~22.04) version 11.4.0 (x86_64-linux-gnu)
	compiled by GNU C version 11.4.0, GMP version 6.2.1, MPFR version 4.1.0, MPC version 1.2.1, isl version isl-0.24-GMP

GGC heuristics: --param ggc-min-expand=100 --param ggc-min-heapsize=131072
Compiler executable checksum: d591828bb4d392ae8b7b160e5bb0b95f
COLLECT_GCC_OPTIONS='-v' '-o' 'CMakeFiles/cmTC_4907a.dir/CMakeCXXCompilerABI.cpp.o' '-c' '-shared-libgcc' '-mtune=generic' '-march=x86-64' '-dumpdir' 'CMakeFiles/cmTC_4907a.dir/'
 as -v --64 -o CMakeFiles/cmTC_4907a.dir/CMakeCXXCompilerABI.cpp.o /tmp/ccU9mfhd.s
GNU assembler version 2.38 (x86_64-linux-gnu) using BFD version (GNU Binutils for Ubuntu) 2.38
COMPILER_PATH=/usr/lib/gcc/x86_64-linux-gnu/11/:/usr/lib/gcc/x86_64-linux-gnu/11/:/usr/lib/gcc/x86_64-linux-gnu/:/usr/lib/gcc/x86_64-linux-gnu/11/:/usr/lib/gcc/x86_64-linux-gnu/
LIBRARY_PATH=/usr/lib/gcc/x86_64-linux-gnu/11/:/usr/lib/gcc/x86_64-linux-gnu/11/../../../x86_64-linux-gnu/:/usr/lib/gcc/x86_64-linux-gnu/11/../../../../lib/:/lib/x86_64-linux-gnu/:/lib/../lib/:/usr/lib/x86_64-linux-gnu/:/usr/lib/../lib/:/usr/lib/gcc/x86_64-linux-gnu/11/../../../:/lib/:/usr/lib/
COLLECT_GCC_OPTIONS='-v' '-o' 'CMakeFiles/cmTC_4907a.dir/CMakeCXXCompilerABI.cpp.o' '-c' '-shared-libgcc' '-mtune=generic' '-march=x86-64' '-dumpdir' 'CMakeFiles/cmTC_4907a.dir/CMakeCXXCompilerABI.cpp.'
Linking CXX executable cmTC_4907a
/usr/bin/cmake -E cmake_link_script CMakeFiles/cmTC_4907a.dir/link.txt --verbose=1
/usr/bin/c++  -v -rdynamic CMakeFiles/cmTC_4907a.dir/CMakeCXXCompilerABI.cpp.o -o cmTC_4907a 
Using built-in specs.
COLLECT_GCC=/usr/bin/c++
COLLECT_LTO_WRAPPER=/usr/lib/gcc/x86_64-linux-gnu/11/lto-wrapper
OFFLOAD_TARGET_NAMES=nvptx-none:amdgcn-amdhsa
OFFLOAD_TARGET_DEFAULT=1
Target: x86_64-linux-gnu
Configured with: ../src/configure -v --with-pkgversion='Ubuntu 11.4.0-1ubuntu1~22.04' --with-bugurl=file:///usr/share/doc/gcc-11/README.Bugs --enable-languages=c,ada,c++,go,brig,d,fortran,objc,obj-c++,m2 --prefix=/usr --with-gcc-major-version-only --program-suffix=-11 --program-prefix=x86_64-linux-gnu- --enable-shared --enable-linker-build-id --libexecdir=/usr/lib --without-included-gettext --enable-threads=posix --libdir=/usr/lib --enable-nls --enable-bootstrap --enable-clocale=gnu --enable-libstdcxx-debug --enable-libstdcxx-time=yes --with-default-libstdcxx-abi=new --enable-gnu-unique-object --disable-vtable-verify --enable-plugin --enable-default-pie --with-system-zlib --enable-libphobos-checking=release --with-target-system-zlib=auto --enable-objc-gc=auto --enable-multiarch --disable-werror --enable-cet --with-arch-32=i686 --with-abi=m64 --with-multilib-list=m32,m64,mx32 --enable-multilib --with-tune=generic --enable-offload-targets=nvptx-none=/build/gcc-11-XeT9lY/gcc-11-11.4.0/debian/tmp-nvptx/usr,amdgcn-amdhsa=/build/gcc-11-XeT9lY/gcc-11-11.4.0/debian/tmp-gcn/usr --without-cuda-driver --enable-checking=release --build=x86_64-linux-gnu --host=x86_64-linux-gnu --target=x86_64-linux-gnu --with-build-config=bootstrap-lto-lean --enable-link-serialization=2
Thread model: posix
Supported LTO compression algorithms: zlib zstd
gcc version 11.4.0 (Ubuntu 11.4.0-1ubuntu1~22.04) 
COMPILER_PATH=/usr/lib/gcc/x86_64-linux-gnu/11/:/usr/lib/gcc/x86_64-linux-gnu/11/:/usr/lib/gcc/x86_64-linux-gnu/:/usr/lib/gcc/x86_64-linux-gnu/11/:/usr/lib/gcc/x86_64-linux-gnu/
LIBRARY_PATH=/usr/lib/gcc/x86_64-linux-gnu/11/:/usr/lib/gcc/x86_64-linux-gnu/11/../../../x86_64-linux-gnu/:/usr/lib/gcc/x86_64-linux-gnu/11/../../../../lib/:/lib/x86_64-linux-gnu/:/lib/../lib/:/usr/lib/x86_64-linux-gnu/:/usr/lib/../lib/:/usr/lib/gcc/x86_64-linux-gnu/11/../../../:/lib/:/usr/lib/
COLLECT_GCC_OPTIONS='-v' '-rdynamic' '-o' 'cmTC_4907a' '-shared-libgcc' '-mtune=generic' '-march=x86-64' '-dumpdir' 'cmTC_4907a.'
 /usr/lib/gcc/x86_64-linux-gnu/11/collect2 -plugin /usr/lib/gcc/x86_64-linux-gnu/11/liblto_plugin.so -plugin-opt=/usr/lib/gcc/x86_64-linux-gnu/11/lto-wrapper -plugin-opt=-fresolution=/tmp/ccNXl8X2.res -plugin-opt=-pass-through=-lgcc_s -plugin-opt=-pass-through=-lgcc -plugin-opt=-pass-through=-lc -plugin-opt=-pass-through=-lgcc_s -plugin-opt=-pass-through=-lgcc --build-id --eh-frame-hdr -m elf_x86_64 --hash-style=gnu --as-needed -export-dynamic -dynamic-linker /lib64/ld-linux-x86-64.so.2 -pie -z now -z relro -o cmTC_4907a /usr/lib/gcc/x86_64-linux-gnu/11/../../../x86_64-linux-gnu/Scrt1.o /usr/lib/gcc/x86_64-linux-gnu/11/../../../x86_64-linux-gnu/crti.o /usr/lib/gcc/x86_64-linux-gnu/11/crtbeginS.o -L/usr/lib/gcc/x86_64-linux-gnu/11 -L/usr/lib/gcc/x86_64-linux-gnu/11/../../../x86_64-linux-gnu -L/usr/lib/gcc/x86_64-linux-gnu/11/../../../../lib -L/lib/x86_64-linux-gnu -L/lib/../lib -L/usr/lib/x86_64-linux-gnu -L/usr/lib/../lib -L/usr/lib/gcc/x86_64-linux-gnu/11/../../.. CMakeFiles/cmTC_4907a.dir/CMakeCXXCompilerABI.cpp.o -lstdc++ -lm -lgcc_s -lgcc -lc -lgcc_s -lgcc /usr/lib/gcc/x86_64-linux-gnu/11/crtendS.o /usr/lib/gcc/x86_64-linux-gnu/11/../../../x86_64-linux-gnu/crtn.o
COLLECT_GCC_OPTIONS='-v' '-rdynamic' '-o' 'cmTC_4907a' '-shared-libgcc' '-mtune=generic' '-march=x86-64' '-dumpdir' 'cmTC_4907a.'
gmake[1]: Leaving directory '/home/cocokayya18/michelangelo_ws/build/CMakeFiles/CMakeTmp'



Parsed CXX implicit include dir info from above output: rv=done
  found start of include info
  found start of implicit include info
    add: [/usr/include/c++/11]
    add: [/usr/include/x86_64-linux-gnu/c++/11]
    add: [/usr/include/c++/11/backward]
    add: [/usr/lib/gcc/x86_64-linux-gnu/11/include]
    add: [/usr/local/include]
    add: [/usr/include/x86_64-linux-gnu]
    add: [/usr/include]
  end of search list found
  collapse include dir [/usr/include/c++/11] ==> [/usr/include/c++/11]
  collapse include dir [/usr/include/x86_64-linux-gnu/c++/11] ==> [/usr/include/x86_64-linux-gnu/c++/11]
  collapse include dir [/usr/include/c++/11/backward] ==> [/usr/include/c++/11/backward]
  collapse include dir [/usr/lib/gcc/x86_64-linux-gnu/11/include] ==> [/usr/lib/gcc/x86_64-linux-gnu/11/include]
  collapse include dir [/usr/local/include] ==> [/usr/local/include]
  collapse include dir [/usr/include/x86_64-linux-gnu] ==> [/usr/include/x86_64-linux-gnu]
  collapse include dir [/usr/include] ==> [/usr/include]
  implicit include dirs: [/usr/include/c++/11;/usr/include/x86_64-linux-gnu/c++/11;/usr/include/c++/11/backward;/usr/lib/gcc/x86_64-linux-gnu/11/include;/usr/local/include;/usr/include/x86_64-linux-gnu;/usr/include]


Parsed CXX implicit link information from above output:
  link line regex: [^( *|.*[/\])(ld|CMAKE_LINK_STARTFILE-NOTFOUND|([^/\]+-)?ld|collect2)[^/\]*( |$)]
  ignore line: [Change Dir: /home/cocokayya18/michelangelo_ws/build/CMakeFiles/CMakeTmp]
  ignore line: []
  ignore line: [Run Build Command(s):/usr/bin/gmake -f Makefile cmTC_4907a/fast && /usr/bin/gmake  -f CMakeFiles/cmTC_4907a.dir/build.make CMakeFiles/cmTC_4907a.dir/build]
  ignore line: [gmake[1]: Entering directory '/home/cocokayya18/michelangelo_ws/build/CMakeFiles/CMakeTmp']
  ignore line: [Building CXX object CMakeFiles/cmTC_4907a.dir/CMakeCXXCompilerABI.cpp.o]
  ignore line: [/usr/bin/c++   -v -o CMakeFiles/cmTC_4907a.dir/CMakeCXXCompilerABI.cpp.o -c /usr/share/cmake-3.22/Modules/CMakeCXXCompilerABI.cpp]
  ignore line: [Using built-in specs.]
  ignore line: [COLLECT_GCC=/usr/bin/c++]
  ignore line: [OFFLOAD_TARGET_NAMES=nvptx-none:amdgcn-amdhsa]
  ignore line: [OFFLOAD_TARGET_DEFAULT=1]
  ignore line: [Target: x86_64-linux-gnu]
  ignore line: [Configured with: ../src/configure -v --with-pkgversion='Ubuntu 11.4.0-1ubuntu1~22.04' --with-bugurl=file:///usr/share/doc/gcc-11/README.Bugs --enable-languages=c ada c++ go brig d fortran objc obj-c++ m2 --prefix=/usr --with-gcc-major-version-only --program-suffix=-11 --program-prefix=x86_64-linux-gnu- --enable-shared --enable-linker-build-id --libexecdir=/usr/lib --without-included-gettext --enable-threads=posix --libdir=/usr/lib --enable-nls --enable-bootstrap --enable-clocale=gnu --enable-libstdcxx-debug --enable-libstdcxx-time=yes --with-default-libstdcxx-abi=new --enable-gnu-unique-object --disable-vtable-verify --enable-plugin --enable-default-pie --with-system-zlib --enable-libphobos-checking=release --with-target-system-zlib=auto --enable-objc-gc=auto --enable-multiarch --disable-werror --enable-cet --with-arch-32=i686 --with-abi=m64 --with-multilib-list=m32 m64 mx32 --enable-multilib --with-tune=generic --enable-offload-targets=nvptx-none=/build/gcc-11-XeT9lY/gcc-11-11.4.0/debian/tmp-nvptx/usr amdgcn-amdhsa=/build/gcc-11-XeT9lY/gcc-11-11.4.0/debian/tmp-gcn/usr --without-cuda-driver --enable-checking=release --build=x86_64-linux-gnu --host=x86_64-linux-gnu --target=x86_64-linux-gnu --with-build-config=bootstrap-lto-lean --enable-link-serialization=2]
  ignore line: [Thread model: posix]
  ignore line: [Supported LTO compression algorithms: zlib zstd]
  ignore line: [gcc version 11.4.0 (Ubuntu 11.4.0-1ubuntu1~22.04) ]
  ignore line: [COLLECT_GCC_OPTIONS='-v' '-o' 'CMakeFiles/cmTC_4907a.dir/CMakeCXXCompilerABI.cpp.o' '-c' '-shared-libgcc' '-mtune=generic' '-march=x86-64' '-dumpdir' 'CMakeFiles/cmTC_4907a.dir/']
  ignore line: [ /usr/lib/gcc/x86_64-linux-gnu/11/cc1plus -quiet -v -imultiarch x86_64-linux-gnu -D_GNU_SOURCE /usr/share/cmake-3.22/Modules/CMakeCXXCompilerABI.cpp -quiet -dumpdir CMakeFiles/cmTC_4907a.dir/ -dumpbase CMakeCXXCompilerABI.cpp.cpp -dumpbase-ext .cpp -mtune=generic -march=x86-64 -version -fasynchronous-unwind-tables -fstack-protector-strong -Wformat -Wformat-security -fstack-clash-protection -fcf-protection -o /tmp/ccU9mfhd.s]
  ignore line: [GNU C++17 (Ubuntu 11.4.0-1ubuntu1~22.04) version 11.4.0 (x86_64-linux-gnu)]
  ignore line: [	compiled by GNU C version 11.4.0  GMP version 6.2.1  MPFR version 4.1.0  MPC version 1.2.1  isl version isl-0.24-GMP]
  ignore line: []
  ignore line: [GGC heuristics: --param ggc-min-expand=100 --param ggc-min-heapsize=131072]
  ignore line: [ignoring duplicate directory "/usr/include/x86_64-linux-gnu/c++/11"]
  ignore line: [ignoring nonexistent directory "/usr/local/include/x86_64-linux-gnu"]
  ignore line: [ignoring nonexistent directory "/usr/lib/gcc/x86_64-linux-gnu/11/include-fixed"]
  ignore line: [ignoring nonexistent directory "/usr/lib/gcc/x86_64-linux-gnu/11/../../../../x86_64-linux-gnu/include"]
  ignore line: [#include "..." search starts here:]
  ignore line: [#include <...> search starts here:]
  ignore line: [ /usr/include/c++/11]
  ignore line: [ /usr/include/x86_64-linux-gnu/c++/11]
  ignore line: [ /usr/include/c++/11/backward]
  ignore line: [ /usr/lib/gcc/x86_64-linux-gnu/11/include]
  ignore line: [ /usr/local/include]
  ignore line: [ /usr/include/x86_64-linux-gnu]
  ignore line: [ /usr/include]
  ignore line: [End of search list.]
  ignore line: [GNU C++17 (Ubuntu 11.4.0-1ubuntu1~22.04) version 11.4.0 (x86_64-linux-gnu)]
  ignore line: [	compiled by GNU C version 11.4.0  GMP version 6.2.1  MPFR version 4.1.0  MPC version 1.2.1  isl version isl-0.24-GMP]
  ignore line: []
  ignore line: [GGC heuristics: --param ggc-min-expand=100 --param ggc-min-heapsize=131072]
  ignore line: [Compiler executable checksum: d591828bb4d392ae8b7b160e5bb0b95f]
  ignore line: [COLLECT_GCC_OPTIONS='-v' '-o' 'CMakeFiles/cmTC_4907a.dir/CMakeCXXCompilerABI.cpp.o' '-c' '-shared-libgcc' '-mtune=generic' '-march=x86-64' '-dumpdir' 'CMakeFiles/cmTC_4907a.dir/']
  ignore line: [ as -v --64 -o CMakeFiles/cmTC_4907a.dir/CMakeCXXCompilerABI.cpp.o /tmp/ccU9mfhd.s]
  ignore line: [GNU assembler version 2.38 (x86_64-linux-gnu) using BFD version (GNU Binutils for Ubuntu) 2.38]
  ignore line: [COMPILER_PATH=/usr/lib/gcc/x86_64-linux-gnu/11/:/usr/lib/gcc/x86_64-linux-gnu/11/:/usr/lib/gcc/x86_64-linux-gnu/:/usr/lib/gcc/x86_64-linux-gnu/11/:/usr/lib/gcc/x86_64-linux-gnu/]
  ignore line: [LIBRARY_PATH=/usr/lib/gcc/x86_64-linux-gnu/11/:/usr/lib/gcc/x86_64-linux-gnu/11/../../../x86_64-linux-gnu/:/usr/lib/gcc/x86_64-linux-gnu/11/../../../../lib/:/lib/x86_64-linux-gnu/:/lib/../lib/:/usr/lib/x86_64-linux-gnu/:/usr/lib/../lib/:/usr/lib/gcc/x86_64-linux-gnu/11/../../../:/lib/:/usr/lib/]
  ignore line: [COLLECT_GCC_OPTIONS='-v' '-o' 'CMakeFiles/cmTC_4907a.dir/CMakeCXXCompilerABI.cpp.o' '-c' '-shared-libgcc' '-mtune=generic' '-march=x86-64' '-dumpdir' 'CMakeFiles/cmTC_4907a.dir/CMakeCXXCompilerABI.cpp.']
  ignore line: [Linking CXX executable cmTC_4907a]
  ignore line: [/usr/bin/cmake -E cmake_link_script CMakeFiles/cmTC_4907a.dir/link.txt --verbose=1]
  ignore line: [/usr/bin/c++  -v -rdynamic CMakeFiles/cmTC_4907a.dir/CMakeCXXCompilerABI.cpp.o -o cmTC_4907a ]
  ignore line: [Using built-in specs.]
  ignore line: [COLLECT_GCC=/usr/bin/c++]
  ignore line: [COLLECT_LTO_WRAPPER=/usr/lib/gcc/x86_64-linux-gnu/11/lto-wrapper]
  ignore line: [OFFLOAD_TARGET_NAMES=nvptx-none:amdgcn-amdhsa]
  ignore line: [OFFLOAD_TARGET_DEFAULT=1]
  ignore line: [Target: x86_64-linux-gnu]
  ignore line: [Configured with: ../src/configure -v --with-pkgversion='Ubuntu 11.4.0-1ubuntu1~22.04' --with-bugurl=file:///usr/share/doc/gcc-11/README.Bugs --enable-languages=c ada c++ go brig d fortran objc obj-c++ m2 --prefix=/usr --with-gcc-major-version-only --program-suffix=-11 --program-prefix=x86_64-linux-gnu- --enable-shared --enable-linker-build-id --libexecdir=/usr/lib --without-included-gettext --enable-threads=posix --libdir=/usr/lib --enable-nls --enable-bootstrap --enable-clocale=gnu --enable-libstdcxx-debug --enable-libstdcxx-time=yes --with-default-libstdcxx-abi=new --enable-gnu-unique-object --disable-vtable-verify --enable-plugin --enable-default-pie --with-system-zlib --enable-libphobos-checking=release --with-target-system-zlib=auto --enable-objc-gc=auto --enable-multiarch --disable-werror --enable-cet --with-arch-32=i686 --with-abi=m64 --with-multilib-list=m32 m64 mx32 --enable-multilib --with-tune=generic --enable-offload-targets=nvptx-none=/build/gcc-11-XeT9lY/gcc-11-11.4.0/debian/tmp-nvptx/usr amdgcn-amdhsa=/build/gcc-11-XeT9lY/gcc-11-11.4.0/debian/tmp-gcn/usr --without-cuda-driver --enable-checking=release --build=x86_64-linux-gnu --host=x86_64-linux-gnu --target=x86_64-linux-gnu --with-build-config=bootstrap-lto-lean --enable-link-serialization=2]
  ignore line: [Thread model: posix]
  ignore line: [Supported LTO compression algorithms: zlib zstd]
  ignore line: [gcc version 11.4.0 (Ubuntu 11.4.0-1ubuntu1~22.04) ]
  ignore line: [COMPILER_PATH=/usr/lib/gcc/x86_64-linux-gnu/11/:/usr/lib/gcc/x86_64-linux-gnu/11/:/usr/lib/gcc/x86_64-linux-gnu/:/usr/lib/gcc/x86_64-linux-gnu/11/:/usr/lib/gcc/x86_64-linux-gnu/]
  ignore line: [LIBRARY_PATH=/usr/lib/gcc/x86_64-linux-gnu/11/:/usr/lib/gcc/x86_64-linux-gnu/11/../../../x86_64-linux-gnu/:/usr/lib/gcc/x86_64-linux-gnu/11/../../../../lib/:/lib/x86_64-linux-gnu/:/lib/../lib/:/usr/lib/x86_64-linux-gnu/:/usr/lib/../lib/:/usr/lib/gcc/x86_64-linux-gnu/11/../../../:/lib/:/usr/lib/]
  ignore line: [COLLECT_GCC_OPTIONS='-v' '-rdynamic' '-o' 'cmTC_4907a' '-shared-libgcc' '-mtune=generic' '-march=x86-64' '-dumpdir' 'cmTC_4907a.']
  link line: [ /usr/lib/gcc/x86_64-linux-gnu/11/collect2 -plugin /usr/lib/gcc/x86_64-linux-gnu/11/liblto_plugin.so -plugin-opt=/usr/lib/gcc/x86_64-linux-gnu/11/lto-wrapper -plugin-opt=-fresolution=/tmp/ccNXl8X2.res -plugin-opt=-pass-through=-lgcc_s -plugin-opt=-pass-through=-lgcc -plugin-opt=-pass-through=-lc -plugin-opt=-pass-through=-lgcc_s -plugin-opt=-pass-through=-lgcc --build-id --eh-frame-hdr -m elf_x86_64 --hash-style=gnu --as-needed -export-dynamic -dynamic-linker /lib64/ld-linux-x86-64.so.2 -pie -z now -z relro -o cmTC_4907a /usr/lib/gcc/x86_64-linux-gnu/11/../../../x86_64-linux-gnu/Scrt1.o /usr/lib/gcc/x86_64-linux-gnu/11/../../../x86_64-linux-gnu/crti.o /usr/lib/gcc/x86_64-linux-gnu/11/crtbeginS.o -L/usr/lib/gcc/x86_64-linux-gnu/11 -L/usr/lib/gcc/x86_64-linux-gnu/11/../../../x86_64-linux-gnu -L/usr/lib/gcc/x86_64-linux-gnu/11/../../../../lib -L/lib/x86_64-linux-gnu -L/lib/../lib -L/usr/lib/x86_64-linux-gnu -L/usr/lib/../lib -L/usr/lib/gcc/x86_64-linux-gnu/11/../../.. CMakeFiles/cmTC_4907a.dir/CMakeCXXCompilerABI.cpp.o -lstdc++ -lm -lgcc_s -lgcc -lc -lgcc_s -lgcc /usr/lib/gcc/x86_64-linux-gnu/11/crtendS.o /usr/lib/gcc/x86_64-linux-gnu/11/../../../x86_64-linux-gnu/crtn.o]
    arg [/usr/lib/gcc/x86_64-linux-gnu/11/collect2] ==> ignore
    arg [-plugin] ==> ignore
    arg [/usr/lib/gcc/x86_64-linux-gnu/11/liblto_plugin.so] ==> ignore
    arg [-plugin-opt=/usr/lib/gcc/x86_64-linux-gnu/11/lto-wrapper] ==> ignore
    arg [-plugin-opt=-fresolution=/tmp/ccNXl8X2.res] ==> ignore
    arg [-plugin-opt=-pass-through=-lgcc_s] ==> ignore
    arg [-plugin-opt=-pass-through=-lgcc] ==> ignore
    arg [-plugin-opt=-pass-through=-lc] ==> ignore
    arg [-plugin-opt=-pass-through=-lgcc_s] ==> ignore
    arg [-plugin-opt=-pass-through=-lgcc] ==> ignore
    arg [--build-id] ==> ignore
    arg [--eh-frame-hdr] ==> ignore
    arg [-m] ==> ignore
    arg [elf_x86_64] ==> ignore
    arg [--hash-style=gnu] ==> ignore
    arg [--as-needed] ==> ignore
    arg [-export-dynamic] ==> ignore
    arg [-dynamic-linker] ==> ignore
    arg [/lib64/ld-linux-x86-64.so.2] ==> ignore
    arg [-pie] ==> ignore
    arg [-znow] ==> ignore
    arg [-zrelro] ==> ignore
    arg [-o] ==> ignore
    arg [cmTC_4907a] ==> ignore
    arg [/usr/lib/gcc/x86_64-linux-gnu/11/../../../x86_64-linux-gnu/Scrt1.o] ==> obj [/usr/lib/gcc/x86_64-linux-gnu/11/../../../x86_64-linux-gnu/Scrt1.o]
    arg [/usr/lib/gcc/x86_64-linux-gnu/11/../../../x86_64-linux-gnu/crti.o] ==> obj [/usr/lib/gcc/x86_64-linux-gnu/11/../../../x86_64-linux-gnu/crti.o]
    arg [/usr/lib/gcc/x86_64-linux-gnu/11/crtbeginS.o] ==> obj [/usr/lib/gcc/x86_64-linux-gnu/11/crtbeginS.o]
    arg [-L/usr/lib/gcc/x86_64-linux-gnu/11] ==> dir [/usr/lib/gcc/x86_64-linux-gnu/11]
    arg [-L/usr/lib/gcc/x86_64-linux-gnu/11/../../../x86_64-linux-gnu] ==> dir [/usr/lib/gcc/x86_64-linux-gnu/11/../../../x86_64-linux-gnu]
    arg [-L/usr/lib/gcc/x86_64-linux-gnu/11/../../../../lib] ==> dir [/usr/lib/gcc/x86_64-linux-gnu/11/../../../../lib]
    arg [-L/lib/x86_64-linux-gnu] ==> dir [/lib/x86_64-linux-gnu]
    arg [-L/lib/../lib] ==> dir [/lib/../lib]
    arg [-L/usr/lib/x86_64-linux-gnu] ==> dir [/usr/lib/x86_64-linux-gnu]
    arg [-L/usr/lib/../lib] ==> dir [/usr/lib/../lib]
    arg [-L/usr/lib/gcc/x86_64-linux-gnu/11/../../..] ==> dir [/usr/lib/gcc/x86_64-linux-gnu/11/../../..]
    arg [CMakeFiles/cmTC_4907a.dir/CMakeCXXCompilerABI.cpp.o] ==> ignore
    arg [-lstdc++] ==> lib [stdc++]
    arg [-lm] ==> lib [m]
    arg [-lgcc_s] ==> lib [gcc_s]
    arg [-lgcc] ==> lib [gcc]
    arg [-lc] ==> lib [c]
    arg [-lgcc_s] ==> lib [gcc_s]
    arg [-lgcc] ==> lib [gcc]
    arg [/usr/lib/gcc/x86_64-linux-gnu/11/crtendS.o] ==> obj [/usr/lib/gcc/x86_64-linux-gnu/11/crtendS.o]
    arg [/usr/lib/gcc/x86_64-linux-gnu/11/../../../x86_64-linux-gnu/crtn.o] ==> obj [/usr/lib/gcc/x86_64-linux-gnu/11/../../../x86_64-linux-gnu/crtn.o]
  collapse obj [/usr/lib/gcc/x86_64-linux-gnu/11/../../../x86_64-linux-gnu/Scrt1.o] ==> [/usr/lib/x86_64-linux-gnu/Scrt1.o]
  collapse obj [/usr/lib/gcc/x86_64-linux-gnu/11/../../../x86_64-linux-gnu/crti.o] ==> [/usr/lib/x86_64-linux-gnu/crti.o]
  collapse obj [/usr/lib/gcc/x86_64-linux-gnu/11/../../../x86_64-linux-gnu/crtn.o] ==> [/usr/lib/x86_64-linux-gnu/crtn.o]
  collapse library dir [/usr/lib/gcc/x86_64-linux-gnu/11] ==> [/usr/lib/gcc/x86_64-linux-gnu/11]
  collapse library dir [/usr/lib/gcc/x86_64-linux-gnu/11/../../../x86_64-linux-gnu] ==> [/usr/lib/x86_64-linux-gnu]
  collapse library dir [/usr/lib/gcc/x86_64-linux-gnu/11/../../../../lib] ==> [/usr/lib]
  collapse library dir [/lib/x86_64-linux-gnu] ==> [/lib/x86_64-linux-gnu]
  collapse library dir [/lib/../lib] ==> [/lib]
  collapse library dir [/usr/lib/x86_64-linux-gnu] ==> [/usr/lib/x86_64-linux-gnu]
  collapse library dir [/usr/lib/../lib] ==> [/usr/lib]
  collapse library dir [/usr/lib/gcc/x86_64-linux-gnu/11/../../..] ==> [/usr/lib]
  implicit libs: [stdc++;m;gcc_s;gcc;c;gcc_s;gcc]
  implicit objs: [/usr/lib/x86_64-linux-gnu/Scrt1.o;/usr/lib/x86_64-linux-gnu/crti.o;/usr/lib/gcc/x86_64-linux-gnu/11/crtbeginS.o;/usr/lib/gcc/x86_64-linux-gnu/11/crtendS.o;/usr/lib/x86_64-linux-gnu/crtn.o]
  implicit dirs: [/usr/lib/gcc/x86_64-linux-gnu/11;/usr/lib/x86_64-linux-gnu;/usr/lib;/lib/x86_64-linux-gnu;/lib]
  implicit fwks: []


Performing C++ SOURCE FILE Test EIGEN_COMPILER_SUPPORT_CPP11 succeeded with the following output:
Change Dir: /home/cocokayya18/michelangelo_ws/build/CMakeFiles/CMakeTmp

Run Build Command(s):/usr/bin/gmake -f Makefile cmTC_ef9c5/fast && /usr/bin/gmake  -f CMakeFiles/cmTC_ef9c5.dir/build.make CMakeFiles/cmTC_ef9c5.dir/build
gmake[1]: Entering directory '/home/cocokayya18/michelangelo_ws/build/CMakeFiles/CMakeTmp'
Building CXX object CMakeFiles/cmTC_ef9c5.dir/src.cxx.o
/usr/bin/c++ -DEIGEN_COMPILER_SUPPORT_CPP11  -std=c++11 -o CMakeFiles/cmTC_ef9c5.dir/src.cxx.o -c /home/cocokayya18/michelangelo_ws/build/CMakeFiles/CMakeTmp/src.cxx
Linking CXX executable cmTC_ef9c5
/usr/bin/cmake -E cmake_link_script CMakeFiles/cmTC_ef9c5.dir/link.txt --verbose=1
/usr/bin/c++ CMakeFiles/cmTC_ef9c5.dir/src.cxx.o -o cmTC_ef9c5 
gmake[1]: Leaving directory '/home/cocokayya18/michelangelo_ws/build/CMakeFiles/CMakeTmp'


Source file was:
int main() { return 0; }
Performing C++ SOURCE FILE Test COMPILER_SUPPORT_std=cpp03 succeeded with the following output:
Change Dir: /home/cocokayya18/michelangelo_ws/build/CMakeFiles/CMakeTmp

Run Build Command(s):/usr/bin/gmake -f Makefile cmTC_020a5/fast && /usr/bin/gmake  -f CMakeFiles/cmTC_020a5.dir/build.make CMakeFiles/cmTC_020a5.dir/build
gmake[1]: Entering directory '/home/cocokayya18/michelangelo_ws/build/CMakeFiles/CMakeTmp'
Building CXX object CMakeFiles/cmTC_020a5.dir/src.cxx.o
/usr/bin/c++ -DCOMPILER_SUPPORT_std=cpp03  -std=c++03 -o CMakeFiles/cmTC_020a5.dir/src.cxx.o -c /home/cocokayya18/michelangelo_ws/build/CMakeFiles/CMakeTmp/src.cxx
Linking CXX executable cmTC_020a5
/usr/bin/cmake -E cmake_link_script CMakeFiles/cmTC_020a5.dir/link.txt --verbose=1
/usr/bin/c++ CMakeFiles/cmTC_020a5.dir/src.cxx.o -o cmTC_020a5 
gmake[1]: Leaving directory '/home/cocokayya18/michelangelo_ws/build/CMakeFiles/CMakeTmp'


Source file was:
int main() { return 0; }
Performing C++ SOURCE FILE Test standard_math_library_linked_to_automatically succeeded with the following output:
Change Dir: /home/cocokayya18/michelangelo_ws/build/CMakeFiles/CMakeTmp

Run Build Command(s):/usr/bin/gmake -f Makefile cmTC_675cb/fast && /usr/bin/gmake  -f CMakeFiles/cmTC_675cb.dir/build.make CMakeFiles/cmTC_675cb.dir/build
gmake[1]: Entering directory '/home/cocokayya18/michelangelo_ws/build/CMakeFiles/CMakeTmp'
Building CXX object CMakeFiles/cmTC_675cb.dir/src.cxx.o
/usr/bin/c++ -Dstandard_math_library_linked_to_automatically  -std=c++03  -o CMakeFiles/cmTC_675cb.dir/src.cxx.o -c /home/cocokayya18/michelangelo_ws/build/CMakeFiles/CMakeTmp/src.cxx
Linking CXX executable cmTC_675cb
/usr/bin/cmake -E cmake_link_script CMakeFiles/cmTC_675cb.dir/link.txt --verbose=1
/usr/bin/c++  -std=c++03  CMakeFiles/cmTC_675cb.dir/src.cxx.o -o cmTC_675cb 
gmake[1]: Leaving directory '/home/cocokayya18/michelangelo_ws/build/CMakeFiles/CMakeTmp'


Source file was:

#include<cmath>
int main(int argc, char **){
  return int(std::sin(double(argc)) + std::log(double(argc)));
}
Performing C++ SOURCE FILE Test COMPILER_SUPPORT_WERROR succeeded with the following output:
Change Dir: /home/cocokayya18/michelangelo_ws/build/CMakeFiles/CMakeTmp

Run Build Command(s):/usr/bin/gmake -f Makefile cmTC_6c55d/fast && /usr/bin/gmake  -f CMakeFiles/cmTC_6c55d.dir/build.make CMakeFiles/cmTC_6c55d.dir/build
gmake[1]: Entering directory '/home/cocokayya18/michelangelo_ws/build/CMakeFiles/CMakeTmp'
Building CXX object CMakeFiles/cmTC_6c55d.dir/src.cxx.o
/usr/bin/c++ -DCOMPILER_SUPPORT_WERROR  -std=c++03    -Werror -o CMakeFiles/cmTC_6c55d.dir/src.cxx.o -c /home/cocokayya18/michelangelo_ws/build/CMakeFiles/CMakeTmp/src.cxx
Linking CXX executable cmTC_6c55d
/usr/bin/cmake -E cmake_link_script CMakeFiles/cmTC_6c55d.dir/link.txt --verbose=1
/usr/bin/c++  -std=c++03  CMakeFiles/cmTC_6c55d.dir/src.cxx.o -o cmTC_6c55d 
gmake[1]: Leaving directory '/home/cocokayya18/michelangelo_ws/build/CMakeFiles/CMakeTmp'


Source file was:
int main() { return 0; }
Performing C++ SOURCE FILE Test COMPILER_SUPPORT_pedantic succeeded with the following output:
Change Dir: /home/cocokayya18/michelangelo_ws/build/CMakeFiles/CMakeTmp

Run Build Command(s):/usr/bin/gmake -f Makefile cmTC_3d4bd/fast && /usr/bin/gmake  -f CMakeFiles/cmTC_3d4bd.dir/build.make CMakeFiles/cmTC_3d4bd.dir/build
gmake[1]: Entering directory '/home/cocokayya18/michelangelo_ws/build/CMakeFiles/CMakeTmp'
Building CXX object CMakeFiles/cmTC_3d4bd.dir/src.cxx.o
/usr/bin/c++ -DCOMPILER_SUPPORT_pedantic  -std=c++03 -Werror   -pedantic -o CMakeFiles/cmTC_3d4bd.dir/src.cxx.o -c /home/cocokayya18/michelangelo_ws/build/CMakeFiles/CMakeTmp/src.cxx
Linking CXX executable cmTC_3d4bd
/usr/bin/cmake -E cmake_link_script CMakeFiles/cmTC_3d4bd.dir/link.txt --verbose=1
/usr/bin/c++  -std=c++03 -Werror CMakeFiles/cmTC_3d4bd.dir/src.cxx.o -o cmTC_3d4bd 
gmake[1]: Leaving directory '/home/cocokayya18/michelangelo_ws/build/CMakeFiles/CMakeTmp'


Source file was:
int main() { return 0; }
Performing C++ SOURCE FILE Test COMPILER_SUPPORT_Wall succeeded with the following output:
Change Dir: /home/cocokayya18/michelangelo_ws/build/CMakeFiles/CMakeTmp

Run Build Command(s):/usr/bin/gmake -f Makefile cmTC_2563c/fast && /usr/bin/gmake  -f CMakeFiles/cmTC_2563c.dir/build.make CMakeFiles/cmTC_2563c.dir/build
gmake[1]: Entering directory '/home/cocokayya18/michelangelo_ws/build/CMakeFiles/CMakeTmp'
Building CXX object CMakeFiles/cmTC_2563c.dir/src.cxx.o
/usr/bin/c++ -DCOMPILER_SUPPORT_Wall  -std=c++03 -pedantic -Werror   -Wall -o CMakeFiles/cmTC_2563c.dir/src.cxx.o -c /home/cocokayya18/michelangelo_ws/build/CMakeFiles/CMakeTmp/src.cxx
Linking CXX executable cmTC_2563c
/usr/bin/cmake -E cmake_link_script CMakeFiles/cmTC_2563c.dir/link.txt --verbose=1
/usr/bin/c++  -std=c++03 -pedantic -Werror CMakeFiles/cmTC_2563c.dir/src.cxx.o -o cmTC_2563c 
gmake[1]: Leaving directory '/home/cocokayya18/michelangelo_ws/build/CMakeFiles/CMakeTmp'


Source file was:
int main() { return 0; }
Performing C++ SOURCE FILE Test COMPILER_SUPPORT_Wextra succeeded with the following output:
Change Dir: /home/cocokayya18/michelangelo_ws/build/CMakeFiles/CMakeTmp

Run Build Command(s):/usr/bin/gmake -f Makefile cmTC_33e9c/fast && /usr/bin/gmake  -f CMakeFiles/cmTC_33e9c.dir/build.make CMakeFiles/cmTC_33e9c.dir/build
gmake[1]: Entering directory '/home/cocokayya18/michelangelo_ws/build/CMakeFiles/CMakeTmp'
Building CXX object CMakeFiles/cmTC_33e9c.dir/src.cxx.o
/usr/bin/c++ -DCOMPILER_SUPPORT_Wextra  -std=c++03 -pedantic -Wall -Werror   -Wextra -o CMakeFiles/cmTC_33e9c.dir/src.cxx.o -c /home/cocokayya18/michelangelo_ws/build/CMakeFiles/CMakeTmp/src.cxx
Linking CXX executable cmTC_33e9c
/usr/bin/cmake -E cmake_link_script CMakeFiles/cmTC_33e9c.dir/link.txt --verbose=1
/usr/bin/c++  -std=c++03 -pedantic -Wall -Werror CMakeFiles/cmTC_33e9c.dir/src.cxx.o -o cmTC_33e9c 
gmake[1]: Leaving directory '/home/cocokayya18/michelangelo_ws/build/CMakeFiles/CMakeTmp'


Source file was:
int main() { return 0; }
Performing C++ SOURCE FILE Test COMPILER_SUPPORT_Wundef succeeded with the following output:
Change Dir: /home/cocokayya18/michelangelo_ws/build/CMakeFiles/CMakeTmp

Run Build Command(s):/usr/bin/gmake -f Makefile cmTC_97bea/fast && /usr/bin/gmake  -f CMakeFiles/cmTC_97bea.dir/build.make CMakeFiles/cmTC_97bea.dir/build
gmake[1]: Entering directory '/home/cocokayya18/michelangelo_ws/build/CMakeFiles/CMakeTmp'
Building CXX object CMakeFiles/cmTC_97bea.dir/src.cxx.o
/usr/bin/c++ -DCOMPILER_SUPPORT_Wundef  -std=c++03 -pedantic -Wall -Wextra -Werror   -Wundef -o CMakeFiles/cmTC_97bea.dir/src.cxx.o -c /home/cocokayya18/michelangelo_ws/build/CMakeFiles/CMakeTmp/src.cxx
Linking CXX executable cmTC_97bea
/usr/bin/cmake -E cmake_link_script CMakeFiles/cmTC_97bea.dir/link.txt --verbose=1
/usr/bin/c++  -std=c++03 -pedantic -Wall -Wextra -Werror CMakeFiles/cmTC_97bea.dir/src.cxx.o -o cmTC_97bea 
gmake[1]: Leaving directory '/home/cocokayya18/michelangelo_ws/build/CMakeFiles/CMakeTmp'


Source file was:
int main() { return 0; }
Performing C++ SOURCE FILE Test COMPILER_SUPPORT_Wcastalign succeeded with the following output:
Change Dir: /home/cocokayya18/michelangelo_ws/build/CMakeFiles/CMakeTmp

Run Build Command(s):/usr/bin/gmake -f Makefile cmTC_7c2fd/fast && /usr/bin/gmake  -f CMakeFiles/cmTC_7c2fd.dir/build.make CMakeFiles/cmTC_7c2fd.dir/build
gmake[1]: Entering directory '/home/cocokayya18/michelangelo_ws/build/CMakeFiles/CMakeTmp'
Building CXX object CMakeFiles/cmTC_7c2fd.dir/src.cxx.o
/usr/bin/c++ -DCOMPILER_SUPPORT_Wcastalign  -std=c++03 -pedantic -Wall -Wextra -Wundef -Werror   -Wcast-align -o CMakeFiles/cmTC_7c2fd.dir/src.cxx.o -c /home/cocokayya18/michelangelo_ws/build/CMakeFiles/CMakeTmp/src.cxx
Linking CXX executable cmTC_7c2fd
/usr/bin/cmake -E cmake_link_script CMakeFiles/cmTC_7c2fd.dir/link.txt --verbose=1
/usr/bin/c++  -std=c++03 -pedantic -Wall -Wextra -Wundef -Werror CMakeFiles/cmTC_7c2fd.dir/src.cxx.o -o cmTC_7c2fd 
gmake[1]: Leaving directory '/home/cocokayya18/michelangelo_ws/build/CMakeFiles/CMakeTmp'


Source file was:
int main() { return 0; }
Performing C++ SOURCE FILE Test COMPILER_SUPPORT_Wcharsubscripts succeeded with the following output:
Change Dir: /home/cocokayya18/michelangelo_ws/build/CMakeFiles/CMakeTmp

Run Build Command(s):/usr/bin/gmake -f Makefile cmTC_15c2a/fast && /usr/bin/gmake  -f CMakeFiles/cmTC_15c2a.dir/build.make CMakeFiles/cmTC_15c2a.dir/build
gmake[1]: Entering directory '/home/cocokayya18/michelangelo_ws/build/CMakeFiles/CMakeTmp'
Building CXX object CMakeFiles/cmTC_15c2a.dir/src.cxx.o
/usr/bin/c++ -DCOMPILER_SUPPORT_Wcharsubscripts  -std=c++03 -pedantic -Wall -Wextra -Wundef -Wcast-align -Werror   -Wchar-subscripts -o CMakeFiles/cmTC_15c2a.dir/src.cxx.o -c /home/cocokayya18/michelangelo_ws/build/CMakeFiles/CMakeTmp/src.cxx
Linking CXX executable cmTC_15c2a
/usr/bin/cmake -E cmake_link_script CMakeFiles/cmTC_15c2a.dir/link.txt --verbose=1
/usr/bin/c++  -std=c++03 -pedantic -Wall -Wextra -Wundef -Wcast-align -Werror CMakeFiles/cmTC_15c2a.dir/src.cxx.o -o cmTC_15c2a 
gmake[1]: Leaving directory '/home/cocokayya18/michelangelo_ws/build/CMakeFiles/CMakeTmp'


Source file was:
int main() { return 0; }
Performing C++ SOURCE FILE Test COMPILER_SUPPORT_Wnonvirtualdtor succeeded with the following output:
Change Dir: /home/cocokayya18/michelangelo_ws/build/CMakeFiles/CMakeTmp

Run Build Command(s):/usr/bin/gmake -f Makefile cmTC_7dbee/fast && /usr/bin/gmake  -f CMakeFiles/cmTC_7dbee.dir/build.make CMakeFiles/cmTC_7dbee.dir/build
gmake[1]: Entering directory '/home/cocokayya18/michelangelo_ws/build/CMakeFiles/CMakeTmp'
Building CXX object CMakeFiles/cmTC_7dbee.dir/src.cxx.o
/usr/bin/c++ -DCOMPILER_SUPPORT_Wnonvirtualdtor  -std=c++03 -pedantic -Wall -Wextra -Wundef -Wcast-align -Wchar-subscripts -Werror   -Wnon-virtual-dtor -o CMakeFiles/cmTC_7dbee.dir/src.cxx.o -c /home/cocokayya18/michelangelo_ws/build/CMakeFiles/CMakeTmp/src.cxx
Linking CXX executable cmTC_7dbee
/usr/bin/cmake -E cmake_link_script CMakeFiles/cmTC_7dbee.dir/link.txt --verbose=1
/usr/bin/c++  -std=c++03 -pedantic -Wall -Wextra -Wundef -Wcast-align -Wchar-subscripts -Werror CMakeFiles/cmTC_7dbee.dir/src.cxx.o -o cmTC_7dbee 
gmake[1]: Leaving directory '/home/cocokayya18/michelangelo_ws/build/CMakeFiles/CMakeTmp'


Source file was:
int main() { return 0; }
Performing C++ SOURCE FILE Test COMPILER_SUPPORT_Wunusedlocaltypedefs succeeded with the following output:
Change Dir: /home/cocokayya18/michelangelo_ws/build/CMakeFiles/CMakeTmp

Run Build Command(s):/usr/bin/gmake -f Makefile cmTC_b8ace/fast && /usr/bin/gmake  -f CMakeFiles/cmTC_b8ace.dir/build.make CMakeFiles/cmTC_b8ace.dir/build
gmake[1]: Entering directory '/home/cocokayya18/michelangelo_ws/build/CMakeFiles/CMakeTmp'
Building CXX object CMakeFiles/cmTC_b8ace.dir/src.cxx.o
/usr/bin/c++ -DCOMPILER_SUPPORT_Wunusedlocaltypedefs  -std=c++03 -pedantic -Wall -Wextra -Wundef -Wcast-align -Wchar-subscripts -Wnon-virtual-dtor -Werror   -Wunused-local-typedefs -o CMakeFiles/cmTC_b8ace.dir/src.cxx.o -c /home/cocokayya18/michelangelo_ws/build/CMakeFiles/CMakeTmp/src.cxx
Linking CXX executable cmTC_b8ace
/usr/bin/cmake -E cmake_link_script CMakeFiles/cmTC_b8ace.dir/link.txt --verbose=1
/usr/bin/c++  -std=c++03 -pedantic -Wall -Wextra -Wundef -Wcast-align -Wchar-subscripts -Wnon-virtual-dtor -Werror CMakeFiles/cmTC_b8ace.dir/src.cxx.o -o cmTC_b8ace 
gmake[1]: Leaving directory '/home/cocokayya18/michelangelo_ws/build/CMakeFiles/CMakeTmp'


Source file was:
int main() { return 0; }
Performing C++ SOURCE FILE Test COMPILER_SUPPORT_Wpointerarith succeeded with the following output:
Change Dir: /home/cocokayya18/michelangelo_ws/build/CMakeFiles/CMakeTmp

Run Build Command(s):/usr/bin/gmake -f Makefile cmTC_88894/fast && /usr/bin/gmake  -f CMakeFiles/cmTC_88894.dir/build.make CMakeFiles/cmTC_88894.dir/build
gmake[1]: Entering directory '/home/cocokayya18/michelangelo_ws/build/CMakeFiles/CMakeTmp'
Building CXX object CMakeFiles/cmTC_88894.dir/src.cxx.o
/usr/bin/c++ -DCOMPILER_SUPPORT_Wpointerarith  -std=c++03 -pedantic -Wall -Wextra -Wundef -Wcast-align -Wchar-subscripts -Wnon-virtual-dtor -Wunused-local-typedefs -Werror   -Wpointer-arith -o CMakeFiles/cmTC_88894.dir/src.cxx.o -c /home/cocokayya18/michelangelo_ws/build/CMakeFiles/CMakeTmp/src.cxx
Linking CXX executable cmTC_88894
/usr/bin/cmake -E cmake_link_script CMakeFiles/cmTC_88894.dir/link.txt --verbose=1
/usr/bin/c++  -std=c++03 -pedantic -Wall -Wextra -Wundef -Wcast-align -Wchar-subscripts -Wnon-virtual-dtor -Wunused-local-typedefs -Werror CMakeFiles/cmTC_88894.dir/src.cxx.o -o cmTC_88894 
gmake[1]: Leaving directory '/home/cocokayya18/michelangelo_ws/build/CMakeFiles/CMakeTmp'


Source file was:
int main() { return 0; }
Performing C++ SOURCE FILE Test COMPILER_SUPPORT_Wwritestrings succeeded with the following output:
Change Dir: /home/cocokayya18/michelangelo_ws/build/CMakeFiles/CMakeTmp

Run Build Command(s):/usr/bin/gmake -f Makefile cmTC_38c9e/fast && /usr/bin/gmake  -f CMakeFiles/cmTC_38c9e.dir/build.make CMakeFiles/cmTC_38c9e.dir/build
gmake[1]: Entering directory '/home/cocokayya18/michelangelo_ws/build/CMakeFiles/CMakeTmp'
Building CXX object CMakeFiles/cmTC_38c9e.dir/src.cxx.o
/usr/bin/c++ -DCOMPILER_SUPPORT_Wwritestrings  -std=c++03 -pedantic -Wall -Wextra -Wundef -Wcast-align -Wchar-subscripts -Wnon-virtual-dtor -Wunused-local-typedefs -Wpointer-arith -Werror   -Wwrite-strings -o CMakeFiles/cmTC_38c9e.dir/src.cxx.o -c /home/cocokayya18/michelangelo_ws/build/CMakeFiles/CMakeTmp/src.cxx
Linking CXX executable cmTC_38c9e
/usr/bin/cmake -E cmake_link_script CMakeFiles/cmTC_38c9e.dir/link.txt --verbose=1
/usr/bin/c++  -std=c++03 -pedantic -Wall -Wextra -Wundef -Wcast-align -Wchar-subscripts -Wnon-virtual-dtor -Wunused-local-typedefs -Wpointer-arith -Werror CMakeFiles/cmTC_38c9e.dir/src.cxx.o -o cmTC_38c9e 
gmake[1]: Leaving directory '/home/cocokayya18/michelangelo_ws/build/CMakeFiles/CMakeTmp'


Source file was:
int main() { return 0; }
Performing C++ SOURCE FILE Test COMPILER_SUPPORT_Wformatsecurity succeeded with the following output:
Change Dir: /home/cocokayya18/michelangelo_ws/build/CMakeFiles/CMakeTmp

Run Build Command(s):/usr/bin/gmake -f Makefile cmTC_2ef49/fast && /usr/bin/gmake  -f CMakeFiles/cmTC_2ef49.dir/build.make CMakeFiles/cmTC_2ef49.dir/build
gmake[1]: Entering directory '/home/cocokayya18/michelangelo_ws/build/CMakeFiles/CMakeTmp'
Building CXX object CMakeFiles/cmTC_2ef49.dir/src.cxx.o
/usr/bin/c++ -DCOMPILER_SUPPORT_Wformatsecurity  -std=c++03 -pedantic -Wall -Wextra -Wundef -Wcast-align -Wchar-subscripts -Wnon-virtual-dtor -Wunused-local-typedefs -Wpointer-arith -Wwrite-strings -Werror   -Wformat-security -o CMakeFiles/cmTC_2ef49.dir/src.cxx.o -c /home/cocokayya18/michelangelo_ws/build/CMakeFiles/CMakeTmp/src.cxx
Linking CXX executable cmTC_2ef49
/usr/bin/cmake -E cmake_link_script CMakeFiles/cmTC_2ef49.dir/link.txt --verbose=1
/usr/bin/c++  -std=c++03 -pedantic -Wall -Wextra -Wundef -Wcast-align -Wchar-subscripts -Wnon-virtual-dtor -Wunused-local-typedefs -Wpointer-arith -Wwrite-strings -Werror CMakeFiles/cmTC_2ef49.dir/src.cxx.o -o cmTC_2ef49 
gmake[1]: Leaving directory '/home/cocokayya18/michelangelo_ws/build/CMakeFiles/CMakeTmp'


Source file was:
int main() { return 0; }
Performing C++ SOURCE FILE Test COMPILER_SUPPORT_Wlogicalop succeeded with the following output:
Change Dir: /home/cocokayya18/michelangelo_ws/build/CMakeFiles/CMakeTmp

Run Build Command(s):/usr/bin/gmake -f Makefile cmTC_c3a44/fast && /usr/bin/gmake  -f CMakeFiles/cmTC_c3a44.dir/build.make CMakeFiles/cmTC_c3a44.dir/build
gmake[1]: Entering directory '/home/cocokayya18/michelangelo_ws/build/CMakeFiles/CMakeTmp'
Building CXX object CMakeFiles/cmTC_c3a44.dir/src.cxx.o
/usr/bin/c++ -DCOMPILER_SUPPORT_Wlogicalop  -std=c++03 -pedantic -Wall -Wextra -Wundef -Wcast-align -Wchar-subscripts -Wnon-virtual-dtor -Wunused-local-typedefs -Wpointer-arith -Wwrite-strings -Wformat-security -Werror   -Wlogical-op -o CMakeFiles/cmTC_c3a44.dir/src.cxx.o -c /home/cocokayya18/michelangelo_ws/build/CMakeFiles/CMakeTmp/src.cxx
Linking CXX executable cmTC_c3a44
/usr/bin/cmake -E cmake_link_script CMakeFiles/cmTC_c3a44.dir/link.txt --verbose=1
/usr/bin/c++  -std=c++03 -pedantic -Wall -Wextra -Wundef -Wcast-align -Wchar-subscripts -Wnon-virtual-dtor -Wunused-local-typedefs -Wpointer-arith -Wwrite-strings -Wformat-security -Werror CMakeFiles/cmTC_c3a44.dir/src.cxx.o -o cmTC_c3a44 
gmake[1]: Leaving directory '/home/cocokayya18/michelangelo_ws/build/CMakeFiles/CMakeTmp'


Source file was:
int main() { return 0; }
Performing C++ SOURCE FILE Test COMPILER_SUPPORT_Wenumconversion succeeded with the following output:
Change Dir: /home/cocokayya18/michelangelo_ws/build/CMakeFiles/CMakeTmp

Run Build Command(s):/usr/bin/gmake -f Makefile cmTC_c3992/fast && /usr/bin/gmake  -f CMakeFiles/cmTC_c3992.dir/build.make CMakeFiles/cmTC_c3992.dir/build
gmake[1]: Entering directory '/home/cocokayya18/michelangelo_ws/build/CMakeFiles/CMakeTmp'
Building CXX object CMakeFiles/cmTC_c3992.dir/src.cxx.o
/usr/bin/c++ -DCOMPILER_SUPPORT_Wenumconversion  -std=c++03 -pedantic -Wall -Wextra -Wundef -Wcast-align -Wchar-subscripts -Wnon-virtual-dtor -Wunused-local-typedefs -Wpointer-arith -Wwrite-strings -Wformat-security -Wlogical-op -Werror   -Wenum-conversion -o CMakeFiles/cmTC_c3992.dir/src.cxx.o -c /home/cocokayya18/michelangelo_ws/build/CMakeFiles/CMakeTmp/src.cxx
Linking CXX executable cmTC_c3992
/usr/bin/cmake -E cmake_link_script CMakeFiles/cmTC_c3992.dir/link.txt --verbose=1
/usr/bin/c++  -std=c++03 -pedantic -Wall -Wextra -Wundef -Wcast-align -Wchar-subscripts -Wnon-virtual-dtor -Wunused-local-typedefs -Wpointer-arith -Wwrite-strings -Wformat-security -Wlogical-op -Werror CMakeFiles/cmTC_c3992.dir/src.cxx.o -o cmTC_c3992 
gmake[1]: Leaving directory '/home/cocokayya18/michelangelo_ws/build/CMakeFiles/CMakeTmp'


Source file was:
int main() { return 0; }
Performing C++ SOURCE FILE Test COMPILER_SUPPORT_Wdoublepromotion succeeded with the following output:
Change Dir: /home/cocokayya18/michelangelo_ws/build/CMakeFiles/CMakeTmp

Run Build Command(s):/usr/bin/gmake -f Makefile cmTC_d9402/fast && /usr/bin/gmake  -f CMakeFiles/cmTC_d9402.dir/build.make CMakeFiles/cmTC_d9402.dir/build
gmake[1]: Entering directory '/home/cocokayya18/michelangelo_ws/build/CMakeFiles/CMakeTmp'
Building CXX object CMakeFiles/cmTC_d9402.dir/src.cxx.o
/usr/bin/c++ -DCOMPILER_SUPPORT_Wdoublepromotion  -std=c++03 -pedantic -Wall -Wextra -Wundef -Wcast-align -Wchar-subscripts -Wnon-virtual-dtor -Wunused-local-typedefs -Wpointer-arith -Wwrite-strings -Wformat-security -Wlogical-op -Wenum-conversion -Werror   -Wdouble-promotion -o CMakeFiles/cmTC_d9402.dir/src.cxx.o -c /home/cocokayya18/michelangelo_ws/build/CMakeFiles/CMakeTmp/src.cxx
Linking CXX executable cmTC_d9402
/usr/bin/cmake -E cmake_link_script CMakeFiles/cmTC_d9402.dir/link.txt --verbose=1
/usr/bin/c++  -std=c++03 -pedantic -Wall -Wextra -Wundef -Wcast-align -Wchar-subscripts -Wnon-virtual-dtor -Wunused-local-typedefs -Wpointer-arith -Wwrite-strings -Wformat-security -Wlogical-op -Wenum-conversion -Werror CMakeFiles/cmTC_d9402.dir/src.cxx.o -o cmTC_d9402 
gmake[1]: Leaving directory '/home/cocokayya18/michelangelo_ws/build/CMakeFiles/CMakeTmp'


Source file was:
int main() { return 0; }
Performing C++ SOURCE FILE Test COMPILER_SUPPORT_Wshadow succeeded with the following output:
Change Dir: /home/cocokayya18/michelangelo_ws/build/CMakeFiles/CMakeTmp

Run Build Command(s):/usr/bin/gmake -f Makefile cmTC_c8da1/fast && /usr/bin/gmake  -f CMakeFiles/cmTC_c8da1.dir/build.make CMakeFiles/cmTC_c8da1.dir/build
gmake[1]: Entering directory '/home/cocokayya18/michelangelo_ws/build/CMakeFiles/CMakeTmp'
Building CXX object CMakeFiles/cmTC_c8da1.dir/src.cxx.o
/usr/bin/c++ -DCOMPILER_SUPPORT_Wshadow  -std=c++03 -pedantic -Wall -Wextra -Wundef -Wcast-align -Wchar-subscripts -Wnon-virtual-dtor -Wunused-local-typedefs -Wpointer-arith -Wwrite-strings -Wformat-security -Wlogical-op -Wenum-conversion -Wdouble-promotion -Werror   -Wshadow -o CMakeFiles/cmTC_c8da1.dir/src.cxx.o -c /home/cocokayya18/michelangelo_ws/build/CMakeFiles/CMakeTmp/src.cxx
Linking CXX executable cmTC_c8da1
/usr/bin/cmake -E cmake_link_script CMakeFiles/cmTC_c8da1.dir/link.txt --verbose=1
/usr/bin/c++  -std=c++03 -pedantic -Wall -Wextra -Wundef -Wcast-align -Wchar-subscripts -Wnon-virtual-dtor -Wunused-local-typedefs -Wpointer-arith -Wwrite-strings -Wformat-security -Wlogical-op -Wenum-conversion -Wdouble-promotion -Werror CMakeFiles/cmTC_c8da1.dir/src.cxx.o -o cmTC_c8da1 
gmake[1]: Leaving directory '/home/cocokayya18/michelangelo_ws/build/CMakeFiles/CMakeTmp'


Source file was:
int main() { return 0; }
Performing C++ SOURCE FILE Test COMPILER_SUPPORT_Wnopsabi succeeded with the following output:
Change Dir: /home/cocokayya18/michelangelo_ws/build/CMakeFiles/CMakeTmp

Run Build Command(s):/usr/bin/gmake -f Makefile cmTC_f4649/fast && /usr/bin/gmake  -f CMakeFiles/cmTC_f4649.dir/build.make CMakeFiles/cmTC_f4649.dir/build
gmake[1]: Entering directory '/home/cocokayya18/michelangelo_ws/build/CMakeFiles/CMakeTmp'
Building CXX object CMakeFiles/cmTC_f4649.dir/src.cxx.o
/usr/bin/c++ -DCOMPILER_SUPPORT_Wnopsabi  -std=c++03 -pedantic -Wall -Wextra -Wundef -Wcast-align -Wchar-subscripts -Wnon-virtual-dtor -Wunused-local-typedefs -Wpointer-arith -Wwrite-strings -Wformat-security -Wlogical-op -Wenum-conversion -Wdouble-promotion -Wshadow -Werror   -Wno-psabi -o CMakeFiles/cmTC_f4649.dir/src.cxx.o -c /home/cocokayya18/michelangelo_ws/build/CMakeFiles/CMakeTmp/src.cxx
Linking CXX executable cmTC_f4649
/usr/bin/cmake -E cmake_link_script CMakeFiles/cmTC_f4649.dir/link.txt --verbose=1
/usr/bin/c++  -std=c++03 -pedantic -Wall -Wextra -Wundef -Wcast-align -Wchar-subscripts -Wnon-virtual-dtor -Wunused-local-typedefs -Wpointer-arith -Wwrite-strings -Wformat-security -Wlogical-op -Wenum-conversion -Wdouble-promotion -Wshadow -Werror CMakeFiles/cmTC_f4649.dir/src.cxx.o -o cmTC_f4649 
gmake[1]: Leaving directory '/home/cocokayya18/michelangelo_ws/build/CMakeFiles/CMakeTmp'


Source file was:
int main() { return 0; }
Performing C++ SOURCE FILE Test COMPILER_SUPPORT_Wnovariadicmacros succeeded with the following output:
Change Dir: /home/cocokayya18/michelangelo_ws/build/CMakeFiles/CMakeTmp

Run Build Command(s):/usr/bin/gmake -f Makefile cmTC_cbc53/fast && /usr/bin/gmake  -f CMakeFiles/cmTC_cbc53.dir/build.make CMakeFiles/cmTC_cbc53.dir/build
gmake[1]: Entering directory '/home/cocokayya18/michelangelo_ws/build/CMakeFiles/CMakeTmp'
Building CXX object CMakeFiles/cmTC_cbc53.dir/src.cxx.o
/usr/bin/c++ -DCOMPILER_SUPPORT_Wnovariadicmacros  -std=c++03 -pedantic -Wall -Wextra -Wundef -Wcast-align -Wchar-subscripts -Wnon-virtual-dtor -Wunused-local-typedefs -Wpointer-arith -Wwrite-strings -Wformat-security -Wlogical-op -Wenum-conversion -Wdouble-promotion -Wshadow -Wno-psabi -Werror   -Wno-variadic-macros -o CMakeFiles/cmTC_cbc53.dir/src.cxx.o -c /home/cocokayya18/michelangelo_ws/build/CMakeFiles/CMakeTmp/src.cxx
Linking CXX executable cmTC_cbc53
/usr/bin/cmake -E cmake_link_script CMakeFiles/cmTC_cbc53.dir/link.txt --verbose=1
/usr/bin/c++  -std=c++03 -pedantic -Wall -Wextra -Wundef -Wcast-align -Wchar-subscripts -Wnon-virtual-dtor -Wunused-local-typedefs -Wpointer-arith -Wwrite-strings -Wformat-security -Wlogical-op -Wenum-conversion -Wdouble-promotion -Wshadow -Wno-psabi -Werror CMakeFiles/cmTC_cbc53.dir/src.cxx.o -o cmTC_cbc53 
gmake[1]: Leaving directory '/home/cocokayya18/michelangelo_ws/build/CMakeFiles/CMakeTmp'


Source file was:
int main() { return 0; }
Performing C++ SOURCE FILE Test COMPILER_SUPPORT_Wnolonglong succeeded with the following output:
Change Dir: /home/cocokayya18/michelangelo_ws/build/CMakeFiles/CMakeTmp

Run Build Command(s):/usr/bin/gmake -f Makefile cmTC_7ef4c/fast && /usr/bin/gmake  -f CMakeFiles/cmTC_7ef4c.dir/build.make CMakeFiles/cmTC_7ef4c.dir/build
gmake[1]: Entering directory '/home/cocokayya18/michelangelo_ws/build/CMakeFiles/CMakeTmp'
Building CXX object CMakeFiles/cmTC_7ef4c.dir/src.cxx.o
/usr/bin/c++ -DCOMPILER_SUPPORT_Wnolonglong  -std=c++03 -pedantic -Wall -Wextra -Wundef -Wcast-align -Wchar-subscripts -Wnon-virtual-dtor -Wunused-local-typedefs -Wpointer-arith -Wwrite-strings -Wformat-security -Wlogical-op -Wenum-conversion -Wdouble-promotion -Wshadow -Wno-psabi -Wno-variadic-macros -Werror   -Wno-long-long -o CMakeFiles/cmTC_7ef4c.dir/src.cxx.o -c /home/cocokayya18/michelangelo_ws/build/CMakeFiles/CMakeTmp/src.cxx
Linking CXX executable cmTC_7ef4c
/usr/bin/cmake -E cmake_link_script CMakeFiles/cmTC_7ef4c.dir/link.txt --verbose=1
/usr/bin/c++  -std=c++03 -pedantic -Wall -Wextra -Wundef -Wcast-align -Wchar-subscripts -Wnon-virtual-dtor -Wunused-local-typedefs -Wpointer-arith -Wwrite-strings -Wformat-security -Wlogical-op -Wenum-conversion -Wdouble-promotion -Wshadow -Wno-psabi -Wno-variadic-macros -Werror CMakeFiles/cmTC_7ef4c.dir/src.cxx.o -o cmTC_7ef4c 
gmake[1]: Leaving directory '/home/cocokayya18/michelangelo_ws/build/CMakeFiles/CMakeTmp'


Source file was:
int main() { return 0; }
Performing C++ SOURCE FILE Test COMPILER_SUPPORT_fnochecknew succeeded with the following output:
Change Dir: /home/cocokayya18/michelangelo_ws/build/CMakeFiles/CMakeTmp

Run Build Command(s):/usr/bin/gmake -f Makefile cmTC_e1660/fast && /usr/bin/gmake  -f CMakeFiles/cmTC_e1660.dir/build.make CMakeFiles/cmTC_e1660.dir/build
gmake[1]: Entering directory '/home/cocokayya18/michelangelo_ws/build/CMakeFiles/CMakeTmp'
Building CXX object CMakeFiles/cmTC_e1660.dir/src.cxx.o
/usr/bin/c++ -DCOMPILER_SUPPORT_fnochecknew  -std=c++03 -pedantic -Wall -Wextra -Wundef -Wcast-align -Wchar-subscripts -Wnon-virtual-dtor -Wunused-local-typedefs -Wpointer-arith -Wwrite-strings -Wformat-security -Wlogical-op -Wenum-conversion -Wdouble-promotion -Wshadow -Wno-psabi -Wno-variadic-macros -Wno-long-long -Werror   -fno-check-new -o CMakeFiles/cmTC_e1660.dir/src.cxx.o -c /home/cocokayya18/michelangelo_ws/build/CMakeFiles/CMakeTmp/src.cxx
Linking CXX executable cmTC_e1660
/usr/bin/cmake -E cmake_link_script CMakeFiles/cmTC_e1660.dir/link.txt --verbose=1
/usr/bin/c++  -std=c++03 -pedantic -Wall -Wextra -Wundef -Wcast-align -Wchar-subscripts -Wnon-virtual-dtor -Wunused-local-typedefs -Wpointer-arith -Wwrite-strings -Wformat-security -Wlogical-op -Wenum-conversion -Wdouble-promotion -Wshadow -Wno-psabi -Wno-variadic-macros -Wno-long-long -Werror CMakeFiles/cmTC_e1660.dir/src.cxx.o -o cmTC_e1660 
gmake[1]: Leaving directory '/home/cocokayya18/michelangelo_ws/build/CMakeFiles/CMakeTmp'


Source file was:
int main() { return 0; }
Performing C++ SOURCE FILE Test COMPILER_SUPPORT_fnocommon succeeded with the following output:
Change Dir: /home/cocokayya18/michelangelo_ws/build/CMakeFiles/CMakeTmp

Run Build Command(s):/usr/bin/gmake -f Makefile cmTC_3f9ff/fast && /usr/bin/gmake  -f CMakeFiles/cmTC_3f9ff.dir/build.make CMakeFiles/cmTC_3f9ff.dir/build
gmake[1]: Entering directory '/home/cocokayya18/michelangelo_ws/build/CMakeFiles/CMakeTmp'
Building CXX object CMakeFiles/cmTC_3f9ff.dir/src.cxx.o
/usr/bin/c++ -DCOMPILER_SUPPORT_fnocommon  -std=c++03 -pedantic -Wall -Wextra -Wundef -Wcast-align -Wchar-subscripts -Wnon-virtual-dtor -Wunused-local-typedefs -Wpointer-arith -Wwrite-strings -Wformat-security -Wlogical-op -Wenum-conversion -Wdouble-promotion -Wshadow -Wno-psabi -Wno-variadic-macros -Wno-long-long -fno-check-new -Werror   -fno-common -o CMakeFiles/cmTC_3f9ff.dir/src.cxx.o -c /home/cocokayya18/michelangelo_ws/build/CMakeFiles/CMakeTmp/src.cxx
Linking CXX executable cmTC_3f9ff
/usr/bin/cmake -E cmake_link_script CMakeFiles/cmTC_3f9ff.dir/link.txt --verbose=1
/usr/bin/c++  -std=c++03 -pedantic -Wall -Wextra -Wundef -Wcast-align -Wchar-subscripts -Wnon-virtual-dtor -Wunused-local-typedefs -Wpointer-arith -Wwrite-strings -Wformat-security -Wlogical-op -Wenum-conversion -Wdouble-promotion -Wshadow -Wno-psabi -Wno-variadic-macros -Wno-long-long -fno-check-new -Werror CMakeFiles/cmTC_3f9ff.dir/src.cxx.o -o cmTC_3f9ff 
gmake[1]: Leaving directory '/home/cocokayya18/michelangelo_ws/build/CMakeFiles/CMakeTmp'


Source file was:
int main() { return 0; }
Performing C++ SOURCE FILE Test COMPILER_SUPPORT_fstrictaliasing succeeded with the following output:
Change Dir: /home/cocokayya18/michelangelo_ws/build/CMakeFiles/CMakeTmp

Run Build Command(s):/usr/bin/gmake -f Makefile cmTC_2fd1f/fast && /usr/bin/gmake  -f CMakeFiles/cmTC_2fd1f.dir/build.make CMakeFiles/cmTC_2fd1f.dir/build
gmake[1]: Entering directory '/home/cocokayya18/michelangelo_ws/build/CMakeFiles/CMakeTmp'
Building CXX object CMakeFiles/cmTC_2fd1f.dir/src.cxx.o
/usr/bin/c++ -DCOMPILER_SUPPORT_fstrictaliasing  -std=c++03 -pedantic -Wall -Wextra -Wundef -Wcast-align -Wchar-subscripts -Wnon-virtual-dtor -Wunused-local-typedefs -Wpointer-arith -Wwrite-strings -Wformat-security -Wlogical-op -Wenum-conversion -Wdouble-promotion -Wshadow -Wno-psabi -Wno-variadic-macros -Wno-long-long -fno-check-new -fno-common -Werror   -fstrict-aliasing -o CMakeFiles/cmTC_2fd1f.dir/src.cxx.o -c /home/cocokayya18/michelangelo_ws/build/CMakeFiles/CMakeTmp/src.cxx
Linking CXX executable cmTC_2fd1f
/usr/bin/cmake -E cmake_link_script CMakeFiles/cmTC_2fd1f.dir/link.txt --verbose=1
/usr/bin/c++  -std=c++03 -pedantic -Wall -Wextra -Wundef -Wcast-align -Wchar-subscripts -Wnon-virtual-dtor -Wunused-local-typedefs -Wpointer-arith -Wwrite-strings -Wformat-security -Wlogical-op -Wenum-conversion -Wdouble-promotion -Wshadow -Wno-psabi -Wno-variadic-macros -Wno-long-long -fno-check-new -fno-common -Werror CMakeFiles/cmTC_2fd1f.dir/src.cxx.o -o cmTC_2fd1f 
gmake[1]: Leaving directory '/home/cocokayya18/michelangelo_ws/build/CMakeFiles/CMakeTmp'


Source file was:
int main() { return 0; }
Performing C++ SOURCE FILE Test COMPILER_SUPPORT_ansi succeeded with the following output:
Change Dir: /home/cocokayya18/michelangelo_ws/build/CMakeFiles/CMakeTmp

Run Build Command(s):/usr/bin/gmake -f Makefile cmTC_4b5fd/fast && /usr/bin/gmake  -f CMakeFiles/cmTC_4b5fd.dir/build.make CMakeFiles/cmTC_4b5fd.dir/build
gmake[1]: Entering directory '/home/cocokayya18/michelangelo_ws/build/CMakeFiles/CMakeTmp'
Building CXX object CMakeFiles/cmTC_4b5fd.dir/src.cxx.o
/usr/bin/c++ -DCOMPILER_SUPPORT_ansi  -std=c++03 -pedantic -Wall -Wextra -Wundef -Wcast-align -Wchar-subscripts -Wnon-virtual-dtor -Wunused-local-typedefs -Wpointer-arith -Wwrite-strings -Wformat-security -Wlogical-op -Wenum-conversion -Wdouble-promotion -Wshadow -Wno-psabi -Wno-variadic-macros -Wno-long-long -fno-check-new -fno-common -fstrict-aliasing -Werror   -ansi -o CMakeFiles/cmTC_4b5fd.dir/src.cxx.o -c /home/cocokayya18/michelangelo_ws/build/CMakeFiles/CMakeTmp/src.cxx
Linking CXX executable cmTC_4b5fd
/usr/bin/cmake -E cmake_link_script CMakeFiles/cmTC_4b5fd.dir/link.txt --verbose=1
/usr/bin/c++  -std=c++03 -pedantic -Wall -Wextra -Wundef -Wcast-align -Wchar-subscripts -Wnon-virtual-dtor -Wunused-local-typedefs -Wpointer-arith -Wwrite-strings -Wformat-security -Wlogical-op -Wenum-conversion -Wdouble-promotion -Wshadow -Wno-psabi -Wno-variadic-macros -Wno-long-long -fno-check-new -fno-common -fstrict-aliasing -Werror CMakeFiles/cmTC_4b5fd.dir/src.cxx.o -o cmTC_4b5fd 
gmake[1]: Leaving directory '/home/cocokayya18/michelangelo_ws/build/CMakeFiles/CMakeTmp'


Source file was:
int main() { return 0; }
Performing C++ SOURCE FILE Test COMPILER_SUPPORT_OPENMP succeeded with the following output:
Change Dir: /home/cocokayya18/michelangelo_ws/build/CMakeFiles/CMakeTmp

Run Build Command(s):/usr/bin/gmake -f Makefile cmTC_55186/fast && /usr/bin/gmake  -f CMakeFiles/cmTC_55186.dir/build.make CMakeFiles/cmTC_55186.dir/build
gmake[1]: Entering directory '/home/cocokayya18/michelangelo_ws/build/CMakeFiles/CMakeTmp'
Building CXX object CMakeFiles/cmTC_55186.dir/src.cxx.o
/usr/bin/c++ -DCOMPILER_SUPPORT_OPENMP  -std=c++03 -pedantic -Wall -Wextra -Wundef -Wcast-align -Wchar-subscripts -Wnon-virtual-dtor -Wunused-local-typedefs -Wpointer-arith -Wwrite-strings -Wformat-security -Wlogical-op -Wenum-conversion -Wdouble-promotion -Wshadow -Wno-psabi -Wno-variadic-macros -Wno-long-long -fno-check-new -fno-common -fstrict-aliasing -ansi    -fopenmp -o CMakeFiles/cmTC_55186.dir/src.cxx.o -c /home/cocokayya18/michelangelo_ws/build/CMakeFiles/CMakeTmp/src.cxx
Linking CXX executable cmTC_55186
/usr/bin/cmake -E cmake_link_script CMakeFiles/cmTC_55186.dir/link.txt --verbose=1
/usr/bin/c++  -std=c++03 -pedantic -Wall -Wextra -Wundef -Wcast-align -Wchar-subscripts -Wnon-virtual-dtor -Wunused-local-typedefs -Wpointer-arith -Wwrite-strings -Wformat-security -Wlogical-op -Wenum-conversion -Wdouble-promotion -Wshadow -Wno-psabi -Wno-variadic-macros -Wno-long-long -fno-check-new -fno-common -fstrict-aliasing -ansi  CMakeFiles/cmTC_55186.dir/src.cxx.o -o cmTC_55186 
gmake[1]: Leaving directory '/home/cocokayya18/michelangelo_ws/build/CMakeFiles/CMakeTmp'


Source file was:
int main() { return 0; }
Determining if the include file pthread.h exists passed with the following output:
Change Dir: /home/cocokayya18/michelangelo_ws/build/CMakeFiles/CMakeTmp

Run Build Command(s):/usr/bin/gmake -f Makefile cmTC_7d9b0/fast && /usr/bin/gmake  -f CMakeFiles/cmTC_7d9b0.dir/build.make CMakeFiles/cmTC_7d9b0.dir/build
gmake[1]: Entering directory '/home/cocokayya18/michelangelo_ws/build/CMakeFiles/CMakeTmp'
Building C object CMakeFiles/cmTC_7d9b0.dir/CheckIncludeFile.c.o
/usr/bin/cc    -o CMakeFiles/cmTC_7d9b0.dir/CheckIncludeFile.c.o -c /home/cocokayya18/michelangelo_ws/build/CMakeFiles/CMakeTmp/CheckIncludeFile.c
Linking C executable cmTC_7d9b0
/usr/bin/cmake -E cmake_link_script CMakeFiles/cmTC_7d9b0.dir/link.txt --verbose=1
/usr/bin/cc CMakeFiles/cmTC_7d9b0.dir/CheckIncludeFile.c.o -o cmTC_7d9b0 
gmake[1]: Leaving directory '/home/cocokayya18/michelangelo_ws/build/CMakeFiles/CMakeTmp'



Performing C SOURCE FILE Test CMAKE_HAVE_LIBC_PTHREAD succeeded with the following output:
Change Dir: /home/cocokayya18/michelangelo_ws/build/CMakeFiles/CMakeTmp

Run Build Command(s):/usr/bin/gmake -f Makefile cmTC_14568/fast && /usr/bin/gmake  -f CMakeFiles/cmTC_14568.dir/build.make CMakeFiles/cmTC_14568.dir/build
gmake[1]: Entering directory '/home/cocokayya18/michelangelo_ws/build/CMakeFiles/CMakeTmp'
Building C object CMakeFiles/cmTC_14568.dir/src.c.o
/usr/bin/cc -DCMAKE_HAVE_LIBC_PTHREAD   -o CMakeFiles/cmTC_14568.dir/src.c.o -c /home/cocokayya18/michelangelo_ws/build/CMakeFiles/CMakeTmp/src.c
Linking C executable cmTC_14568
/usr/bin/cmake -E cmake_link_script CMakeFiles/cmTC_14568.dir/link.txt --verbose=1
/usr/bin/cc CMakeFiles/cmTC_14568.dir/src.c.o -o cmTC_14568 
gmake[1]: Leaving directory '/home/cocokayya18/michelangelo_ws/build/CMakeFiles/CMakeTmp'


Source file was:
#include <pthread.h>

static void* test_func(void* data)
{
  return data;
}

int main(void)
{
  pthread_t thread;
  pthread_create(&thread, NULL, test_func, NULL);
  pthread_detach(thread);
  pthread_cancel(thread);
  pthread_join(thread, NULL);
  pthread_atfork(NULL, NULL, NULL);
  pthread_exit(NULL);

  return 0;
}

Performing C++ SOURCE FILE Test COMPILER_SUPPORT_FASTMATH succeeded with the following output:
Change Dir: /home/cocokayya18/michelangelo_ws/build/CMakeFiles/CMakeTmp

Run Build Command(s):/usr/bin/gmake -f Makefile cmTC_af124/fast && /usr/bin/gmake  -f CMakeFiles/cmTC_af124.dir/build.make CMakeFiles/cmTC_af124.dir/build
gmake[1]: Entering directory '/home/cocokayya18/michelangelo_ws/build/CMakeFiles/CMakeTmp'
Building CXX object CMakeFiles/cmTC_af124.dir/src.cxx.o
/usr/bin/c++ -DCOMPILER_SUPPORT_FASTMATH  -std=c++03 -pedantic -Wall -Wextra -Wundef -Wcast-align -Wchar-subscripts -Wnon-virtual-dtor -Wunused-local-typedefs -Wpointer-arith -Wwrite-strings -Wformat-security -Wlogical-op -Wenum-conversion -Wdouble-promotion -Wshadow -Wno-psabi -Wno-variadic-macros -Wno-long-long -fno-check-new -fno-common -fstrict-aliasing -ansi    -ffast-math -o CMakeFiles/cmTC_af124.dir/src.cxx.o -c /home/cocokayya18/michelangelo_ws/build/CMakeFiles/CMakeTmp/src.cxx
Linking CXX executable cmTC_af124
/usr/bin/cmake -E cmake_link_script CMakeFiles/cmTC_af124.dir/link.txt --verbose=1
/usr/bin/c++  -std=c++03 -pedantic -Wall -Wextra -Wundef -Wcast-align -Wchar-subscripts -Wnon-virtual-dtor -Wunused-local-typedefs -Wpointer-arith -Wwrite-strings -Wformat-security -Wlogical-op -Wenum-conversion -Wdouble-promotion -Wshadow -Wno-psabi -Wno-variadic-macros -Wno-long-long -fno-check-new -fno-common -fstrict-aliasing -ansi  CMakeFiles/cmTC_af124.dir/src.cxx.o -o cmTC_af124 
gmake[1]: Leaving directory '/home/cocokayya18/michelangelo_ws/build/CMakeFiles/CMakeTmp'


Source file was:
int main() { return 0; }
Performing C++ SOURCE FILE Test COMPILER_SUPPORT_std=cpp03 succeeded with the following output:
Change Dir: /home/cocokayya18/michelangelo_ws/build/CMakeFiles/CMakeTmp

Run Build Command(s):/usr/bin/gmake -f Makefile cmTC_78753/fast && /usr/bin/gmake  -f CMakeFiles/cmTC_78753.dir/build.make CMakeFiles/cmTC_78753.dir/build
gmake[1]: Entering directory '/home/cocokayya18/michelangelo_ws/build/CMakeFiles/CMakeTmp'
Building CXX object CMakeFiles/cmTC_78753.dir/src.cxx.o
/usr/bin/c++ -DCOMPILER_SUPPORT_std=cpp03  -std=c++03 -o CMakeFiles/cmTC_78753.dir/src.cxx.o -c /home/cocokayya18/michelangelo_ws/build/CMakeFiles/CMakeTmp/src.cxx
Linking CXX executable cmTC_78753
/usr/bin/cmake -E cmake_link_script CMakeFiles/cmTC_78753.dir/link.txt --verbose=1
/usr/bin/c++ CMakeFiles/cmTC_78753.dir/src.cxx.o -o cmTC_78753 
gmake[1]: Leaving directory '/home/cocokayya18/michelangelo_ws/build/CMakeFiles/CMakeTmp'


Source file was:
int main() { return 0; }
Performing C++ SOURCE FILE Test COMPILER_SUPPORT_std=cpp03 succeeded with the following output:
Change Dir: /home/cocokayya18/michelangelo_ws/build/CMakeFiles/CMakeTmp

Run Build Command(s):/usr/bin/gmake -f Makefile cmTC_a2b85/fast && /usr/bin/gmake  -f CMakeFiles/cmTC_a2b85.dir/build.make CMakeFiles/cmTC_a2b85.dir/build
gmake[1]: Entering directory '/home/cocokayya18/michelangelo_ws/build/CMakeFiles/CMakeTmp'
Building CXX object CMakeFiles/cmTC_a2b85.dir/src.cxx.o
/usr/bin/c++ -DCOMPILER_SUPPORT_std=cpp03  -std=c++03 -o CMakeFiles/cmTC_a2b85.dir/src.cxx.o -c /home/cocokayya18/michelangelo_ws/build/CMakeFiles/CMakeTmp/src.cxx
Linking CXX executable cmTC_a2b85
/usr/bin/cmake -E cmake_link_script CMakeFiles/cmTC_a2b85.dir/link.txt --verbose=1
/usr/bin/c++ CMakeFiles/cmTC_a2b85.dir/src.cxx.o -o cmTC_a2b85 
gmake[1]: Leaving directory '/home/cocokayya18/michelangelo_ws/build/CMakeFiles/CMakeTmp'


Source file was:
int main() { return 0; }
Performing C++ SOURCE FILE Test COMPILER_SUPPORT_std=cpp03 succeeded with the following output:
Change Dir: /home/cocokayya18/michelangelo_ws/build/CMakeFiles/CMakeTmp

Run Build Command(s):/usr/bin/gmake -f Makefile cmTC_f294d/fast && /usr/bin/gmake  -f CMakeFiles/cmTC_f294d.dir/build.make CMakeFiles/cmTC_f294d.dir/build
gmake[1]: Entering directory '/home/cocokayya18/michelangelo_ws/build/CMakeFiles/CMakeTmp'
Building CXX object CMakeFiles/cmTC_f294d.dir/src.cxx.o
/usr/bin/c++ -DCOMPILER_SUPPORT_std=cpp03  -std=c++03 -o CMakeFiles/cmTC_f294d.dir/src.cxx.o -c /home/cocokayya18/michelangelo_ws/build/CMakeFiles/CMakeTmp/src.cxx
Linking CXX executable cmTC_f294d
/usr/bin/cmake -E cmake_link_script CMakeFiles/cmTC_f294d.dir/link.txt --verbose=1
/usr/bin/c++ CMakeFiles/cmTC_f294d.dir/src.cxx.o -o cmTC_f294d 
gmake[1]: Leaving directory '/home/cocokayya18/michelangelo_ws/build/CMakeFiles/CMakeTmp'


Source file was:
int main() { return 0; }
Performing C++ SOURCE FILE Test COMPILER_SUPPORT_std=cpp03 succeeded with the following output:
Change Dir: /home/cocokayya18/michelangelo_ws/build/CMakeFiles/CMakeTmp

Run Build Command(s):/usr/bin/gmake -f Makefile cmTC_b785f/fast && /usr/bin/gmake  -f CMakeFiles/cmTC_b785f.dir/build.make CMakeFiles/cmTC_b785f.dir/build
gmake[1]: Entering directory '/home/cocokayya18/michelangelo_ws/build/CMakeFiles/CMakeTmp'
Building CXX object CMakeFiles/cmTC_b785f.dir/src.cxx.o
/usr/bin/c++ -DCOMPILER_SUPPORT_std=cpp03  -std=c++03 -o CMakeFiles/cmTC_b785f.dir/src.cxx.o -c /home/cocokayya18/michelangelo_ws/build/CMakeFiles/CMakeTmp/src.cxx
Linking CXX executable cmTC_b785f
/usr/bin/cmake -E cmake_link_script CMakeFiles/cmTC_b785f.dir/link.txt --verbose=1
/usr/bin/c++ CMakeFiles/cmTC_b785f.dir/src.cxx.o -o cmTC_b785f 
gmake[1]: Leaving directory '/home/cocokayya18/michelangelo_ws/build/CMakeFiles/CMakeTmp'


Source file was:
int main() { return 0; }
Performing C++ SOURCE FILE Test COMPILER_SUPPORT_std=cpp03 succeeded with the following output:
Change Dir: /home/cocokayya18/michelangelo_ws/build/CMakeFiles/CMakeTmp

Run Build Command(s):/usr/bin/gmake -f Makefile cmTC_0ef0d/fast && /usr/bin/gmake  -f CMakeFiles/cmTC_0ef0d.dir/build.make CMakeFiles/cmTC_0ef0d.dir/build
gmake[1]: Entering directory '/home/cocokayya18/michelangelo_ws/build/CMakeFiles/CMakeTmp'
Building CXX object CMakeFiles/cmTC_0ef0d.dir/src.cxx.o
/usr/bin/c++ -DCOMPILER_SUPPORT_std=cpp03  -std=c++03 -o CMakeFiles/cmTC_0ef0d.dir/src.cxx.o -c /home/cocokayya18/michelangelo_ws/build/CMakeFiles/CMakeTmp/src.cxx
Linking CXX executable cmTC_0ef0d
/usr/bin/cmake -E cmake_link_script CMakeFiles/cmTC_0ef0d.dir/link.txt --verbose=1
/usr/bin/c++ CMakeFiles/cmTC_0ef0d.dir/src.cxx.o -o cmTC_0ef0d 
gmake[1]: Leaving directory '/home/cocokayya18/michelangelo_ws/build/CMakeFiles/CMakeTmp'


Source file was:
int main() { return 0; }
Determining if the function sgemm_ exists passed with the following output:
Change Dir: /home/cocokayya18/michelangelo_ws/build/CMakeFiles/CMakeTmp

Run Build Command(s):/usr/bin/gmake -f Makefile cmTC_0815d/fast && /usr/bin/gmake  -f CMakeFiles/cmTC_0815d.dir/build.make CMakeFiles/cmTC_0815d.dir/build
gmake[1]: Entering directory '/home/cocokayya18/michelangelo_ws/build/CMakeFiles/CMakeTmp'
Building C object CMakeFiles/cmTC_0815d.dir/CheckFunctionExists.c.o
/usr/bin/cc   -DCHECK_FUNCTION_EXISTS=sgemm_ -fopenmp -o CMakeFiles/cmTC_0815d.dir/CheckFunctionExists.c.o -c /usr/share/cmake-3.22/Modules/CheckFunctionExists.c
Linking C executable cmTC_0815d
/usr/bin/cmake -E cmake_link_script CMakeFiles/cmTC_0815d.dir/link.txt --verbose=1
/usr/bin/cc  -DCHECK_FUNCTION_EXISTS=sgemm_ -fopenmp CMakeFiles/cmTC_0815d.dir/CheckFunctionExists.c.o -o cmTC_0815d  /usr/lib/x86_64-linux-gnu/libopenblas.so 
gmake[1]: Leaving directory '/home/cocokayya18/michelangelo_ws/build/CMakeFiles/CMakeTmp'



Performing C++ SOURCE FILE Test COMPILER_SUPPORT_std=cpp03 succeeded with the following output:
Change Dir: /home/cocokayya18/michelangelo_ws/build/CMakeFiles/CMakeTmp

Run Build Command(s):/usr/bin/gmake -f Makefile cmTC_62cd7/fast && /usr/bin/gmake  -f CMakeFiles/cmTC_62cd7.dir/build.make CMakeFiles/cmTC_62cd7.dir/build
gmake[1]: Entering directory '/home/cocokayya18/michelangelo_ws/build/CMakeFiles/CMakeTmp'
Building CXX object CMakeFiles/cmTC_62cd7.dir/src.cxx.o
/usr/bin/c++ -DCOMPILER_SUPPORT_std=cpp03  -std=c++03 -o CMakeFiles/cmTC_62cd7.dir/src.cxx.o -c /home/cocokayya18/michelangelo_ws/build/CMakeFiles/CMakeTmp/src.cxx
Linking CXX executable cmTC_62cd7
/usr/bin/cmake -E cmake_link_script CMakeFiles/cmTC_62cd7.dir/link.txt --verbose=1
/usr/bin/c++ CMakeFiles/cmTC_62cd7.dir/src.cxx.o -o cmTC_62cd7 
gmake[1]: Leaving directory '/home/cocokayya18/michelangelo_ws/build/CMakeFiles/CMakeTmp'


Source file was:
int main() { return 0; }
Determining if the function sgemm_ exists passed with the following output:
Change Dir: /home/cocokayya18/michelangelo_ws/build/CMakeFiles/CMakeTmp

Run Build Command(s):/usr/bin/gmake -f Makefile cmTC_aa9f4/fast && /usr/bin/gmake  -f CMakeFiles/cmTC_aa9f4.dir/build.make CMakeFiles/cmTC_aa9f4.dir/build
gmake[1]: Entering directory '/home/cocokayya18/michelangelo_ws/build/CMakeFiles/CMakeTmp'
Building C object CMakeFiles/cmTC_aa9f4.dir/CheckFunctionExists.c.o
/usr/bin/cc   -DCHECK_FUNCTION_EXISTS=sgemm_ -fopenmp -o CMakeFiles/cmTC_aa9f4.dir/CheckFunctionExists.c.o -c /usr/share/cmake-3.22/Modules/CheckFunctionExists.c
Linking C executable cmTC_aa9f4
/usr/bin/cmake -E cmake_link_script CMakeFiles/cmTC_aa9f4.dir/link.txt --verbose=1
/usr/bin/cc  -DCHECK_FUNCTION_EXISTS=sgemm_ -fopenmp CMakeFiles/cmTC_aa9f4.dir/CheckFunctionExists.c.o -o cmTC_aa9f4  /usr/lib/x86_64-linux-gnu/libopenblas.so 
gmake[1]: Leaving directory '/home/cocokayya18/michelangelo_ws/build/CMakeFiles/CMakeTmp'



Performing C++ SOURCE FILE Test COMPILER_SUPPORT_std=cpp03 succeeded with the following output:
Change Dir: /home/cocokayya18/michelangelo_ws/build/CMakeFiles/CMakeTmp

Run Build Command(s):/usr/bin/gmake -f Makefile cmTC_1d1ff/fast && /usr/bin/gmake  -f CMakeFiles/cmTC_1d1ff.dir/build.make CMakeFiles/cmTC_1d1ff.dir/build
gmake[1]: Entering directory '/home/cocokayya18/michelangelo_ws/build/CMakeFiles/CMakeTmp'
Building CXX object CMakeFiles/cmTC_1d1ff.dir/src.cxx.o
/usr/bin/c++ -DCOMPILER_SUPPORT_std=cpp03  -std=c++03 -o CMakeFiles/cmTC_1d1ff.dir/src.cxx.o -c /home/cocokayya18/michelangelo_ws/build/CMakeFiles/CMakeTmp/src.cxx
Linking CXX executable cmTC_1d1ff
/usr/bin/cmake -E cmake_link_script CMakeFiles/cmTC_1d1ff.dir/link.txt --verbose=1
/usr/bin/c++ CMakeFiles/cmTC_1d1ff.dir/src.cxx.o -o cmTC_1d1ff 
gmake[1]: Leaving directory '/home/cocokayya18/michelangelo_ws/build/CMakeFiles/CMakeTmp'


Source file was:
int main() { return 0; }
Determining if the function sgemm_ exists passed with the following output:
Change Dir: /home/cocokayya18/michelangelo_ws/build/CMakeFiles/CMakeTmp

Run Build Command(s):/usr/bin/gmake -f Makefile cmTC_45425/fast && /usr/bin/gmake  -f CMakeFiles/cmTC_45425.dir/build.make CMakeFiles/cmTC_45425.dir/build
gmake[1]: Entering directory '/home/cocokayya18/michelangelo_ws/build/CMakeFiles/CMakeTmp'
Building C object CMakeFiles/cmTC_45425.dir/CheckFunctionExists.c.o
/usr/bin/cc   -DCHECK_FUNCTION_EXISTS=sgemm_ -fopenmp -o CMakeFiles/cmTC_45425.dir/CheckFunctionExists.c.o -c /usr/share/cmake-3.22/Modules/CheckFunctionExists.c
Linking C executable cmTC_45425
/usr/bin/cmake -E cmake_link_script CMakeFiles/cmTC_45425.dir/link.txt --verbose=1
/usr/bin/cc  -DCHECK_FUNCTION_EXISTS=sgemm_ -fopenmp CMakeFiles/cmTC_45425.dir/CheckFunctionExists.c.o -o cmTC_45425  /usr/lib/x86_64-linux-gnu/libopenblas.so 
gmake[1]: Leaving directory '/home/cocokayya18/michelangelo_ws/build/CMakeFiles/CMakeTmp'



Performing C++ SOURCE FILE Test COMPILER_SUPPORT_std=cpp03 succeeded with the following output:
Change Dir: /home/cocokayya18/michelangelo_ws/build/CMakeFiles/CMakeTmp

Run Build Command(s):/usr/bin/gmake -f Makefile cmTC_ce50c/fast && /usr/bin/gmake  -f CMakeFiles/cmTC_ce50c.dir/build.make CMakeFiles/cmTC_ce50c.dir/build
gmake[1]: Entering directory '/home/cocokayya18/michelangelo_ws/build/CMakeFiles/CMakeTmp'
Building CXX object CMakeFiles/cmTC_ce50c.dir/src.cxx.o
/usr/bin/c++ -DCOMPILER_SUPPORT_std=cpp03  -std=c++03 -o CMakeFiles/cmTC_ce50c.dir/src.cxx.o -c /home/cocokayya18/michelangelo_ws/build/CMakeFiles/CMakeTmp/src.cxx
Linking CXX executable cmTC_ce50c
/usr/bin/cmake -E cmake_link_script CMakeFiles/cmTC_ce50c.dir/link.txt --verbose=1
/usr/bin/c++ CMakeFiles/cmTC_ce50c.dir/src.cxx.o -o cmTC_ce50c 
gmake[1]: Leaving directory '/home/cocokayya18/michelangelo_ws/build/CMakeFiles/CMakeTmp'


Source file was:
int main() { return 0; }
